Mono path[0] = 'E:/CarsML2021-main/trainingScene/CarsML2021_Data/Managed'
Mono config path = 'E:/CarsML2021-main/trainingScene/MonoBleedingEdge/etc'
PlayerConnection initialized from E:/CarsML2021-main/trainingScene/CarsML2021_Data (debug = 0)
PlayerConnection initialized network socket : 0.0.0.0 55039
Multi-casting "[IP] 192.168.178.20 [Port] 55039 [Flags] 2 [Guid] 3969304933 [EditorId] 582049263 [Version] 1048832 [Id] WindowsPlayer(DESKTOP-MUVOSHJ) [Debug] 1 [PackageName] WindowsPlayer [ProjectName] CarsML2021" to [225.0.0.222:54997]...
Started listening to [0.0.0.0:55039]
Starting managed debugger on port 56933
Using monoOptions --debugger-agent=transport=dt_socket,embedding=1,server=y,suspend=n,address=0.0.0.0:56933
PlayerConnection already initialized - listening to [0.0.0.0:55039]
Initialize engine version: 2019.4.23f1 (3f4e01f1a5ec)
[Subsystems] Discovering subsystems at path E:/CarsML2021-main/trainingScene/CarsML2021_Data/UnitySubsystems
GfxDevice: creating device client; threaded=1
Direct3D:
    Version:  Direct3D 11.0 [level 11.1]
    Renderer: NVIDIA GeForce GTX 1060 6GB (ID=0x1c03)
    Vendor:   (null)
    VRAM:     3072 MB
    Driver:   30.0.14.7141
Begin MonoManager ReloadAssembly
- Completed reload, in  1.349 seconds
D3D11 device created for Microsoft Media Foundation video decoding.
<RI> Initializing input.
<RI> Input initialized.
<RI> Initialized touch support.
UnloadTime: 0.861400 ms
script nameRoadBlock_Straight || listname:RoadBlock_BigCurve
UnityEngine.StackTraceUtility:ExtractStackTrace ()
UnityEngine.DebugLogHandler:LogFormat (UnityEngine.LogType,UnityEngine.Object,string,object[])
UnityEngine.Logger:Log (UnityEngine.LogType,object)
UnityEngine.Debug:Log (object)
TrainingArea:LoadMap () (at E:/CarsML2021-main/Assets/Scripts/TrainingArea.cs:146)
TrainingArea:Awake () (at E:/CarsML2021-main/Assets/Scripts/TrainingArea.cs:51)
 
(Filename: E:/CarsML2021-main/Assets/Scripts/TrainingArea.cs Line: 146)

script nameRoadBlock_Straight || listname:RoadBlock_Straight
UnityEngine.StackTraceUtility:ExtractStackTrace ()
UnityEngine.DebugLogHandler:LogFormat (UnityEngine.LogType,UnityEngine.Object,string,object[])
UnityEngine.Logger:Log (UnityEngine.LogType,object)
UnityEngine.Debug:Log (object)
TrainingArea:LoadMap () (at E:/CarsML2021-main/Assets/Scripts/TrainingArea.cs:146)
TrainingArea:Awake () (at E:/CarsML2021-main/Assets/Scripts/TrainingArea.cs:51)
 
(Filename: E:/CarsML2021-main/Assets/Scripts/TrainingArea.cs Line: 146)

script nameRoadBlock_Straight || listname:RoadBlock_SmallCurve
UnityEngine.StackTraceUtility:ExtractStackTrace ()
UnityEngine.DebugLogHandler:LogFormat (UnityEngine.LogType,UnityEngine.Object,string,object[])
UnityEngine.Logger:Log (UnityEngine.LogType,object)
UnityEngine.Debug:Log (object)
TrainingArea:LoadMap () (at E:/CarsML2021-main/Assets/Scripts/TrainingArea.cs:146)
TrainingArea:Awake () (at E:/CarsML2021-main/Assets/Scripts/TrainingArea.cs:51)
 
(Filename: E:/CarsML2021-main/Assets/Scripts/TrainingArea.cs Line: 146)

script nameRoadBlock_Straight || listname:RoadBlock_BigCurve
UnityEngine.StackTraceUtility:ExtractStackTrace ()
UnityEngine.DebugLogHandler:LogFormat (UnityEngine.LogType,UnityEngine.Object,string,object[])
UnityEngine.Logger:Log (UnityEngine.LogType,object)
UnityEngine.Debug:Log (object)
TrainingArea:LoadMap () (at E:/CarsML2021-main/Assets/Scripts/TrainingArea.cs:146)
TrainingArea:Awake () (at E:/CarsML2021-main/Assets/Scripts/TrainingArea.cs:51)
 
(Filename: E:/CarsML2021-main/Assets/Scripts/TrainingArea.cs Line: 146)

script nameRoadBlock_Straight || listname:RoadBlock_Straight
UnityEngine.StackTraceUtility:ExtractStackTrace ()
UnityEngine.DebugLogHandler:LogFormat (UnityEngine.LogType,UnityEngine.Object,string,object[])
UnityEngine.Logger:Log (UnityEngine.LogType,object)
UnityEngine.Debug:Log (object)
TrainingArea:LoadMap () (at E:/CarsML2021-main/Assets/Scripts/TrainingArea.cs:146)
TrainingArea:Awake () (at E:/CarsML2021-main/Assets/Scripts/TrainingArea.cs:51)
 
(Filename: E:/CarsML2021-main/Assets/Scripts/TrainingArea.cs Line: 146)

script nameRoadBlock_Straight || listname:RoadBlock_SmallCurve
UnityEngine.StackTraceUtility:ExtractStackTrace ()
UnityEngine.DebugLogHandler:LogFormat (UnityEngine.LogType,UnityEngine.Object,string,object[])
UnityEngine.Logger:Log (UnityEngine.LogType,object)
UnityEngine.Debug:Log (object)
TrainingArea:LoadMap () (at E:/CarsML2021-main/Assets/Scripts/TrainingArea.cs:146)
TrainingArea:Awake () (at E:/CarsML2021-main/Assets/Scripts/TrainingArea.cs:51)
 
(Filename: E:/CarsML2021-main/Assets/Scripts/TrainingArea.cs Line: 146)

script nameRoadBlock_Straight || listname:RoadBlock_BigCurve
UnityEngine.StackTraceUtility:ExtractStackTrace ()
UnityEngine.DebugLogHandler:LogFormat (UnityEngine.LogType,UnityEngine.Object,string,object[])
UnityEngine.Logger:Log (UnityEngine.LogType,object)
UnityEngine.Debug:Log (object)
TrainingArea:LoadMap () (at E:/CarsML2021-main/Assets/Scripts/TrainingArea.cs:146)
TrainingArea:Awake () (at E:/CarsML2021-main/Assets/Scripts/TrainingArea.cs:51)
 
(Filename: E:/CarsML2021-main/Assets/Scripts/TrainingArea.cs Line: 146)

script nameRoadBlock_Straight || listname:RoadBlock_Straight
UnityEngine.StackTraceUtility:ExtractStackTrace ()
UnityEngine.DebugLogHandler:LogFormat (UnityEngine.LogType,UnityEngine.Object,string,object[])
UnityEngine.Logger:Log (UnityEngine.LogType,object)
UnityEngine.Debug:Log (object)
TrainingArea:LoadMap () (at E:/CarsML2021-main/Assets/Scripts/TrainingArea.cs:146)
TrainingArea:Awake () (at E:/CarsML2021-main/Assets/Scripts/TrainingArea.cs:51)
 
(Filename: E:/CarsML2021-main/Assets/Scripts/TrainingArea.cs Line: 146)

script nameRoadBlock_Straight || listname:RoadBlock_SmallCurve
UnityEngine.StackTraceUtility:ExtractStackTrace ()
UnityEngine.DebugLogHandler:LogFormat (UnityEngine.LogType,UnityEngine.Object,string,object[])
UnityEngine.Logger:Log (UnityEngine.LogType,object)
UnityEngine.Debug:Log (object)
TrainingArea:LoadMap () (at E:/CarsML2021-main/Assets/Scripts/TrainingArea.cs:146)
TrainingArea:Awake () (at E:/CarsML2021-main/Assets/Scripts/TrainingArea.cs:51)
 
(Filename: E:/CarsML2021-main/Assets/Scripts/TrainingArea.cs Line: 146)

script nameRoadBlock_BigCurve || listname:RoadBlock_BigCurve
UnityEngine.StackTraceUtility:ExtractStackTrace ()
UnityEngine.DebugLogHandler:LogFormat (UnityEngine.LogType,UnityEngine.Object,string,object[])
UnityEngine.Logger:Log (UnityEngine.LogType,object)
UnityEngine.Debug:Log (object)
TrainingArea:LoadMap () (at E:/CarsML2021-main/Assets/Scripts/TrainingArea.cs:146)
TrainingArea:Awake () (at E:/CarsML2021-main/Assets/Scripts/TrainingArea.cs:51)
 
(Filename: E:/CarsML2021-main/Assets/Scripts/TrainingArea.cs Line: 146)

script nameRoadBlock_BigCurve || listname:RoadBlock_Straight
UnityEngine.StackTraceUtility:ExtractStackTrace ()
UnityEngine.DebugLogHandler:LogFormat (UnityEngine.LogType,UnityEngine.Object,string,object[])
UnityEngine.Logger:Log (UnityEngine.LogType,object)
UnityEngine.Debug:Log (object)
TrainingArea:LoadMap () (at E:/CarsML2021-main/Assets/Scripts/TrainingArea.cs:146)
TrainingArea:Awake () (at E:/CarsML2021-main/Assets/Scripts/TrainingArea.cs:51)
 
(Filename: E:/CarsML2021-main/Assets/Scripts/TrainingArea.cs Line: 146)

script nameRoadBlock_BigCurve || listname:RoadBlock_SmallCurve
UnityEngine.StackTraceUtility:ExtractStackTrace ()
UnityEngine.DebugLogHandler:LogFormat (UnityEngine.LogType,UnityEngine.Object,string,object[])
UnityEngine.Logger:Log (UnityEngine.LogType,object)
UnityEngine.Debug:Log (object)
TrainingArea:LoadMap () (at E:/CarsML2021-main/Assets/Scripts/TrainingArea.cs:146)
TrainingArea:Awake () (at E:/CarsML2021-main/Assets/Scripts/TrainingArea.cs:51)
 
(Filename: E:/CarsML2021-main/Assets/Scripts/TrainingArea.cs Line: 146)

script nameRoadBlock_BigCurve || listname:RoadBlock_BigCurve
UnityEngine.StackTraceUtility:ExtractStackTrace ()
UnityEngine.DebugLogHandler:LogFormat (UnityEngine.LogType,UnityEngine.Object,string,object[])
UnityEngine.Logger:Log (UnityEngine.LogType,object)
UnityEngine.Debug:Log (object)
TrainingArea:LoadMap () (at E:/CarsML2021-main/Assets/Scripts/TrainingArea.cs:146)
TrainingArea:Awake () (at E:/CarsML2021-main/Assets/Scripts/TrainingArea.cs:51)
 
(Filename: E:/CarsML2021-main/Assets/Scripts/TrainingArea.cs Line: 146)

script nameRoadBlock_BigCurve || listname:RoadBlock_Straight
UnityEngine.StackTraceUtility:ExtractStackTrace ()
UnityEngine.DebugLogHandler:LogFormat (UnityEngine.LogType,UnityEngine.Object,string,object[])
UnityEngine.Logger:Log (UnityEngine.LogType,object)
UnityEngine.Debug:Log (object)
TrainingArea:LoadMap () (at E:/CarsML2021-main/Assets/Scripts/TrainingArea.cs:146)
TrainingArea:Awake () (at E:/CarsML2021-main/Assets/Scripts/TrainingArea.cs:51)
 
(Filename: E:/CarsML2021-main/Assets/Scripts/TrainingArea.cs Line: 146)

script nameRoadBlock_BigCurve || listname:RoadBlock_SmallCurve
UnityEngine.StackTraceUtility:ExtractStackTrace ()
UnityEngine.DebugLogHandler:LogFormat (UnityEngine.LogType,UnityEngine.Object,string,object[])
UnityEngine.Logger:Log (UnityEngine.LogType,object)
UnityEngine.Debug:Log (object)
TrainingArea:LoadMap () (at E:/CarsML2021-main/Assets/Scripts/TrainingArea.cs:146)
TrainingArea:Awake () (at E:/CarsML2021-main/Assets/Scripts/TrainingArea.cs:51)
 
(Filename: E:/CarsML2021-main/Assets/Scripts/TrainingArea.cs Line: 146)

script nameRoadBlock_BigCurve || listname:RoadBlock_BigCurve
UnityEngine.StackTraceUtility:ExtractStackTrace ()
UnityEngine.DebugLogHandler:LogFormat (UnityEngine.LogType,UnityEngine.Object,string,object[])
UnityEngine.Logger:Log (UnityEngine.LogType,object)
UnityEngine.Debug:Log (object)
TrainingArea:LoadMap () (at E:/CarsML2021-main/Assets/Scripts/TrainingArea.cs:146)
TrainingArea:Awake () (at E:/CarsML2021-main/Assets/Scripts/TrainingArea.cs:51)
 
(Filename: E:/CarsML2021-main/Assets/Scripts/TrainingArea.cs Line: 146)

script nameRoadBlock_BigCurve || listname:RoadBlock_Straight
UnityEngine.StackTraceUtility:ExtractStackTrace ()
UnityEngine.DebugLogHandler:LogFormat (UnityEngine.LogType,UnityEngine.Object,string,object[])
UnityEngine.Logger:Log (UnityEngine.LogType,object)
UnityEngine.Debug:Log (object)
TrainingArea:LoadMap () (at E:/CarsML2021-main/Assets/Scripts/TrainingArea.cs:146)
TrainingArea:Awake () (at E:/CarsML2021-main/Assets/Scripts/TrainingArea.cs:51)
 
(Filename: E:/CarsML2021-main/Assets/Scripts/TrainingArea.cs Line: 146)

script nameRoadBlock_BigCurve || listname:RoadBlock_SmallCurve
UnityEngine.StackTraceUtility:ExtractStackTrace ()
UnityEngine.DebugLogHandler:LogFormat (UnityEngine.LogType,UnityEngine.Object,string,object[])
UnityEngine.Logger:Log (UnityEngine.LogType,object)
UnityEngine.Debug:Log (object)
TrainingArea:LoadMap () (at E:/CarsML2021-main/Assets/Scripts/TrainingArea.cs:146)
TrainingArea:Awake () (at E:/CarsML2021-main/Assets/Scripts/TrainingArea.cs:51)
 
(Filename: E:/CarsML2021-main/Assets/Scripts/TrainingArea.cs Line: 146)

script nameRoadBlock_BigCurve || listname:RoadBlock_BigCurve
UnityEngine.StackTraceUtility:ExtractStackTrace ()
UnityEngine.DebugLogHandler:LogFormat (UnityEngine.LogType,UnityEngine.Object,string,object[])
UnityEngine.Logger:Log (UnityEngine.LogType,object)
UnityEngine.Debug:Log (object)
TrainingArea:LoadMap () (at E:/CarsML2021-main/Assets/Scripts/TrainingArea.cs:146)
TrainingArea:Awake () (at E:/CarsML2021-main/Assets/Scripts/TrainingArea.cs:51)
 
(Filename: E:/CarsML2021-main/Assets/Scripts/TrainingArea.cs Line: 146)

script nameRoadBlock_BigCurve || listname:RoadBlock_Straight
UnityEngine.StackTraceUtility:ExtractStackTrace ()
UnityEngine.DebugLogHandler:LogFormat (UnityEngine.LogType,UnityEngine.Object,string,object[])
UnityEngine.Logger:Log (UnityEngine.LogType,object)
UnityEngine.Debug:Log (object)
TrainingArea:LoadMap () (at E:/CarsML2021-main/Assets/Scripts/TrainingArea.cs:146)
TrainingArea:Awake () (at E:/CarsML2021-main/Assets/Scripts/TrainingArea.cs:51)
 
(Filename: E:/CarsML2021-main/Assets/Scripts/TrainingArea.cs Line: 146)

script nameRoadBlock_BigCurve || listname:RoadBlock_SmallCurve
UnityEngine.StackTraceUtility:ExtractStackTrace ()
UnityEngine.DebugLogHandler:LogFormat (UnityEngine.LogType,UnityEngine.Object,string,object[])
UnityEngine.Logger:Log (UnityEngine.LogType,object)
UnityEngine.Debug:Log (object)
TrainingArea:LoadMap () (at E:/CarsML2021-main/Assets/Scripts/TrainingArea.cs:146)
TrainingArea:Awake () (at E:/CarsML2021-main/Assets/Scripts/TrainingArea.cs:51)
 
(Filename: E:/CarsML2021-main/Assets/Scripts/TrainingArea.cs Line: 146)

script nameRoadBlock_Straight || listname:RoadBlock_BigCurve
UnityEngine.StackTraceUtility:ExtractStackTrace ()
UnityEngine.DebugLogHandler:LogFormat (UnityEngine.LogType,UnityEngine.Object,string,object[])
UnityEngine.Logger:Log (UnityEngine.LogType,object)
UnityEngine.Debug:Log (object)
TrainingArea:LoadMap () (at E:/CarsML2021-main/Assets/Scripts/TrainingArea.cs:146)
TrainingArea:Awake () (at E:/CarsML2021-main/Assets/Scripts/TrainingArea.cs:51)
 
(Filename: E:/CarsML2021-main/Assets/Scripts/TrainingArea.cs Line: 146)

script nameRoadBlock_Straight || listname:RoadBlock_Straight
UnityEngine.StackTraceUtility:ExtractStackTrace ()
UnityEngine.DebugLogHandler:LogFormat (UnityEngine.LogType,UnityEngine.Object,string,object[])
UnityEngine.Logger:Log (UnityEngine.LogType,object)
UnityEngine.Debug:Log (object)
TrainingArea:LoadMap () (at E:/CarsML2021-main/Assets/Scripts/TrainingArea.cs:146)
TrainingArea:Awake () (at E:/CarsML2021-main/Assets/Scripts/TrainingArea.cs:51)
 
(Filename: E:/CarsML2021-main/Assets/Scripts/TrainingArea.cs Line: 146)

script nameRoadBlock_Straight || listname:RoadBlock_SmallCurve
UnityEngine.StackTraceUtility:ExtractStackTrace ()
UnityEngine.DebugLogHandler:LogFormat (UnityEngine.LogType,UnityEngine.Object,string,object[])
UnityEngine.Logger:Log (UnityEngine.LogType,object)
UnityEngine.Debug:Log (object)
TrainingArea:LoadMap () (at E:/CarsML2021-main/Assets/Scripts/TrainingArea.cs:146)
TrainingArea:Awake () (at E:/CarsML2021-main/Assets/Scripts/TrainingArea.cs:51)
 
(Filename: E:/CarsML2021-main/Assets/Scripts/TrainingArea.cs Line: 146)

script nameRoadBlock_Straight || listname:RoadBlock_BigCurve
UnityEngine.StackTraceUtility:ExtractStackTrace ()
UnityEngine.DebugLogHandler:LogFormat (UnityEngine.LogType,UnityEngine.Object,string,object[])
UnityEngine.Logger:Log (UnityEngine.LogType,object)
UnityEngine.Debug:Log (object)
TrainingArea:LoadMap () (at E:/CarsML2021-main/Assets/Scripts/TrainingArea.cs:146)
TrainingArea:Awake () (at E:/CarsML2021-main/Assets/Scripts/TrainingArea.cs:51)
 
(Filename: E:/CarsML2021-main/Assets/Scripts/TrainingArea.cs Line: 146)

script nameRoadBlock_Straight || listname:RoadBlock_Straight
UnityEngine.StackTraceUtility:ExtractStackTrace ()
UnityEngine.DebugLogHandler:LogFormat (UnityEngine.LogType,UnityEngine.Object,string,object[])
UnityEngine.Logger:Log (UnityEngine.LogType,object)
UnityEngine.Debug:Log (object)
TrainingArea:LoadMap () (at E:/CarsML2021-main/Assets/Scripts/TrainingArea.cs:146)
TrainingArea:Awake () (at E:/CarsML2021-main/Assets/Scripts/TrainingArea.cs:51)
 
(Filename: E:/CarsML2021-main/Assets/Scripts/TrainingArea.cs Line: 146)

script nameRoadBlock_Straight || listname:RoadBlock_SmallCurve
UnityEngine.StackTraceUtility:ExtractStackTrace ()
UnityEngine.DebugLogHandler:LogFormat (UnityEngine.LogType,UnityEngine.Object,string,object[])
UnityEngine.Logger:Log (UnityEngine.LogType,object)
UnityEngine.Debug:Log (object)
TrainingArea:LoadMap () (at E:/CarsML2021-main/Assets/Scripts/TrainingArea.cs:146)
TrainingArea:Awake () (at E:/CarsML2021-main/Assets/Scripts/TrainingArea.cs:51)
 
(Filename: E:/CarsML2021-main/Assets/Scripts/TrainingArea.cs Line: 146)

script nameRoadBlock_Straight || listname:RoadBlock_BigCurve
UnityEngine.StackTraceUtility:ExtractStackTrace ()
UnityEngine.DebugLogHandler:LogFormat (UnityEngine.LogType,UnityEngine.Object,string,object[])
UnityEngine.Logger:Log (UnityEngine.LogType,object)
UnityEngine.Debug:Log (object)
TrainingArea:LoadMap () (at E:/CarsML2021-main/Assets/Scripts/TrainingArea.cs:146)
TrainingArea:Awake () (at E:/CarsML2021-main/Assets/Scripts/TrainingArea.cs:51)
 
(Filename: E:/CarsML2021-main/Assets/Scripts/TrainingArea.cs Line: 146)

script nameRoadBlock_Straight || listname:RoadBlock_Straight
UnityEngine.StackTraceUtility:ExtractStackTrace ()
UnityEngine.DebugLogHandler:LogFormat (UnityEngine.LogType,UnityEngine.Object,string,object[])
UnityEngine.Logger:Log (UnityEngine.LogType,object)
UnityEngine.Debug:Log (object)
TrainingArea:LoadMap () (at E:/CarsML2021-main/Assets/Scripts/TrainingArea.cs:146)
TrainingArea:Awake () (at E:/CarsML2021-main/Assets/Scripts/TrainingArea.cs:51)
 
(Filename: E:/CarsML2021-main/Assets/Scripts/TrainingArea.cs Line: 146)

script nameRoadBlock_Straight || listname:RoadBlock_SmallCurve
UnityEngine.StackTraceUtility:ExtractStackTrace ()
UnityEngine.DebugLogHandler:LogFormat (UnityEngine.LogType,UnityEngine.Object,string,object[])
UnityEngine.Logger:Log (UnityEngine.LogType,object)
UnityEngine.Debug:Log (object)
TrainingArea:LoadMap () (at E:/CarsML2021-main/Assets/Scripts/TrainingArea.cs:146)
TrainingArea:Awake () (at E:/CarsML2021-main/Assets/Scripts/TrainingArea.cs:51)
 
(Filename: E:/CarsML2021-main/Assets/Scripts/TrainingArea.cs Line: 146)

Loaded Successfully
UnityEngine.StackTraceUtility:ExtractStackTrace ()
UnityEngine.DebugLogHandler:LogFormat (UnityEngine.LogType,UnityEngine.Object,string,object[])
UnityEngine.Logger:Log (UnityEngine.LogType,object)
UnityEngine.Debug:Log (object)
TrainingArea:LoadMap () (at E:/CarsML2021-main/Assets/Scripts/TrainingArea.cs:157)
TrainingArea:Awake () (at E:/CarsML2021-main/Assets/Scripts/TrainingArea.cs:51)
 
(Filename: E:/CarsML2021-main/Assets/Scripts/TrainingArea.cs Line: 157)

Track (UnityEngine.GameObject)
UnityEngine.StackTraceUtility:ExtractStackTrace ()
UnityEngine.DebugLogHandler:LogFormat (UnityEngine.LogType,UnityEngine.Object,string,object[])
UnityEngine.Logger:Log (UnityEngine.LogType,object)
UnityEngine.Debug:Log (object)
TrainingArea:EnableCheckPoints () (at E:/CarsML2021-main/Assets/Scripts/TrainingArea.cs:175)
TrainingArea:Awake () (at E:/CarsML2021-main/Assets/Scripts/TrainingArea.cs:58)
 
(Filename: E:/CarsML2021-main/Assets/Scripts/TrainingArea.cs Line: 175)

UnityException: Transform child out of bounds
  at (wrapper managed-to-native) UnityEngine.Transform.GetChild(UnityEngine.Transform,int)
  at TrainingArea.EnableCheckPoints () [0x00092] in E:\CarsML2021-main\Assets\Scripts\TrainingArea.cs:177 
  at TrainingArea.Awake () [0x0004e] in E:\CarsML2021-main\Assets\Scripts\TrainingArea.cs:58 
 
(Filename: E:/CarsML2021-main/Assets/Scripts/TrainingArea.cs Line: 177)

Setting up 8 worker threads for Enlighten.
  Thread -> id: 77ac -> priority: 1 
  Thread -> id: 8c40 -> priority: 1 
  Thread -> id: 4a80 -> priority: 1 
  Thread -> id: 4974 -> priority: 1 
  Thread -> id: 7130 -> priority: 1 
  Thread -> id: 5c1c -> priority: 1 
  Thread -> id: 6d5c -> priority: 1 
  Thread -> id: bfc -> priority: 1 
##utp:{"type":"MemoryLeaks","version":2,"phase":"Immediate","time":1627479280712,"processId":30888,"allocatedMemory":796067,"memoryLabels":[{"Permanent":24},{"NewDelete":240},{"Thread":68},{"Manager":2044},{"Physics":16},{"Serialization":792380},{"String":415},{"PoolAlloc":64},{"GI":184},{"VR":1132},{"Subsystems":4294966796}]}
