Mono path[0] = 'E:/UnityProjects/GitHub/CarsML2021-main/trainingScene/CarsML2021-main_Data/Managed'
Mono config path = 'E:/UnityProjects/GitHub/CarsML2021-main/trainingScene/MonoBleedingEdge/etc'
PlayerConnection initialized from E:/UnityProjects/GitHub/CarsML2021-main/trainingScene/CarsML2021-main_Data (debug = 0)
PlayerConnection initialized network socket : 0.0.0.0 55287
Multi-casting "[IP] 192.168.1.3 [Port] 55287 [Flags] 2 [Guid] 3636816696 [EditorId] 1751488560 [Version] 1048832 [Id] WindowsPlayer(DESKTOP-5J637L1) [Debug] 1 [PackageName] WindowsPlayer [ProjectName] CarsML2021-main" to [225.0.0.222:54997]...
Started listening to [0.0.0.0:55287]
Starting managed debugger on port 56696
Using monoOptions --debugger-agent=transport=dt_socket,embedding=1,server=y,suspend=n,address=0.0.0.0:56696
PlayerConnection already initialized - listening to [0.0.0.0:55287]
Initialize engine version: 2019.4.28f1 (1381962e9d08)
[Subsystems] Discovering subsystems at path E:/UnityProjects/GitHub/CarsML2021-main/trainingScene/CarsML2021-main_Data/UnitySubsystems
GfxDevice: creating device client; threaded=1
Direct3D:
    Version:  Direct3D 11.0 [level 11.1]
    Renderer: NVIDIA GeForce RTX 2060 (ID=0x1f08)
    Vendor:   
    VRAM:     5980 MB
    Driver:   30.0.14.7212
Begin MonoManager ReloadAssembly
- Completed reload, in  2.568 seconds
D3D11 device created for Microsoft Media Foundation video decoding.
<RI> Initializing input.
<RI> Input initialized.
<RI> Initialized touch support.
The referenced script on this Behaviour (Game Object 'Monitor1') is missing! 
(Filename: C:\buildslave\unity\build\Runtime/Mono/ManagedMonoBehaviourRef.cpp Line: 334)

UnloadTime: 15.015200 ms
Loaded Successfully
UnityEngine.StackTraceUtility:ExtractStackTrace ()
UnityEngine.DebugLogHandler:LogFormat (UnityEngine.LogType,UnityEngine.Object,string,object[])
UnityEngine.Logger:Log (UnityEngine.LogType,object)
UnityEngine.Debug:Log (object)
TrainingArea:LoadMap ()
TrainingArea:Awake ()
 
(Filename: C:\buildslave\unity\build\Runtime/Export/Debug/Debug.bindings.h Line: 39)

Track (UnityEngine.GameObject)
UnityEngine.StackTraceUtility:ExtractStackTrace ()
UnityEngine.DebugLogHandler:LogFormat (UnityEngine.LogType,UnityEngine.Object,string,object[])
UnityEngine.Logger:Log (UnityEngine.LogType,object)
UnityEngine.Debug:Log (object)
TrainingArea:EnableCheckPoints ()
TrainingArea:Awake ()
 
(Filename: C:\buildslave\unity\build\Runtime/Export/Debug/Debug.bindings.h Line: 39)

Training Start
UnityEngine.StackTraceUtility:ExtractStackTrace ()
UnityEngine.DebugLogHandler:LogFormat (UnityEngine.LogType,UnityEngine.Object,string,object[])
UnityEngine.Logger:Log (UnityEngine.LogType,object)
UnityEngine.Debug:Log (object)
TrainingArea:Awake ()
 
(Filename: C:\buildslave\unity\build\Runtime/Export/Debug/Debug.bindings.h Line: 39)

Spawning 10 agents at (10.9, -96.2, -11.5) and rotation (0.0, 0.0, 0.0, 1.0)
UnityEngine.StackTraceUtility:ExtractStackTrace ()
UnityEngine.DebugLogHandler:LogFormat (UnityEngine.LogType,UnityEngine.Object,string,object[])
UnityEngine.Logger:Log (UnityEngine.LogType,object)
UnityEngine.Debug:Log (object)
TrainingArea:SpawnAgents (int,UnityEngine.Vector3,UnityEngine.Quaternion)
TrainingArea:Awake ()
 
(Filename: C:\buildslave\unity\build\Runtime/Export/Debug/Debug.bindings.h Line: 39)

Fallback handler could not load library E:/UnityProjects/GitHub/CarsML2021-main/trainingScene/CarsML2021-main_Data/Mono/libcoreclr.so
Fallback handler could not load library E:/UnityProjects/GitHub/CarsML2021-main/trainingScene/CarsML2021-main_Data/Mono/libcoreclr.so.dll
Fallback handler could not load library E:/UnityProjects/GitHub/CarsML2021-main/trainingScene/CarsML2021-main_Data/Mono/libcoreclr.so
Fallback handler could not load library E:/UnityProjects/GitHub/CarsML2021-main/trainingScene/CarsML2021-main_Data/Mono/libdl.so
Fallback handler could not load library E:/UnityProjects/GitHub/CarsML2021-main/trainingScene/CarsML2021-main_Data/Mono/libdl.so.dll
Fallback handler could not load library E:/UnityProjects/GitHub/CarsML2021-main/trainingScene/CarsML2021-main_Data/Mono/libdl.so
Fallback handler could not load library E:/UnityProjects/GitHub/CarsML2021-main/trainingScene/CarsML2021-main_Data/Mono/libSystem.dylib
Fallback handler could not load library E:/UnityProjects/GitHub/CarsML2021-main/trainingScene/CarsML2021-main_Data/Mono/libSystem.dylib.dll
Fallback handler could not load library E:/UnityProjects/GitHub/CarsML2021-main/trainingScene/CarsML2021-main_Data/Mono/libSystem.dylib
Fallback handler could not load library E:/UnityProjects/GitHub/CarsML2021-main/trainingScene/CarsML2021-main_Data/Mono/libcoreclr.so
Fallback handler could not load library E:/UnityProjects/GitHub/CarsML2021-main/trainingScene/CarsML2021-main_Data/Mono/libcoreclr.so.dll
Fallback handler could not load library E:/UnityProjects/GitHub/CarsML2021-main/trainingScene/CarsML2021-main_Data/Mono/libcoreclr.so
Fallback handler could not load library E:/UnityProjects/GitHub/CarsML2021-main/trainingScene/CarsML2021-main_Data/Mono/libdl.so
Fallback handler could not load library E:/UnityProjects/GitHub/CarsML2021-main/trainingScene/CarsML2021-main_Data/Mono/libdl.so.dll
Fallback handler could not load library E:/UnityProjects/GitHub/CarsML2021-main/trainingScene/CarsML2021-main_Data/Mono/libdl.so
Fallback handler could not load library E:/UnityProjects/GitHub/CarsML2021-main/trainingScene/CarsML2021-main_Data/Mono/libSystem.dylib
Fallback handler could not load library E:/UnityProjects/GitHub/CarsML2021-main/trainingScene/CarsML2021-main_Data/Mono/libSystem.dylib.dll
Fallback handler could not load library E:/UnityProjects/GitHub/CarsML2021-main/trainingScene/CarsML2021-main_Data/Mono/libSystem.dylib
Setting up 6 worker threads for Enlighten.
  Thread -> id: d1c -> priority: 1 
  Thread -> id: 18d8 -> priority: 1 
  Thread -> id: 28a0 -> priority: 1 
  Thread -> id: 2020 -> priority: 1 
  Thread -> id: 105c -> priority: 1 
  Thread -> id: 188c -> priority: 1 
##utp:{"type":"MemoryLeaks","version":2,"phase":"Immediate","time":1632421412634,"processId":10404,"allocatedMemory":810657,"memoryLabels":[{"Permanent":40},{"NewDelete":6872},{"Thread":144},{"Manager":1968},{"Physics":32},{"Serialization":799176},{"String":641},{"PoolAlloc":112},{"GI":296},{"VR":2040},{"Subsystems":-664}]}
