Mono path[0] = 'E:/CarsML2021-main/trainingScene/CarsML2021-main_Data/Managed'
Mono config path = 'E:/CarsML2021-main/trainingScene/MonoBleedingEdge/etc'
PlayerConnection initialized from E:/CarsML2021-main/trainingScene/CarsML2021-main_Data (debug = 0)
PlayerConnection initialized network socket : 0.0.0.0 55319
Multi-casting "[IP] 192.168.178.20 [Port] 55319 [Flags] 2 [Guid] 2853867062 [EditorId] 3047183068 [Version] 1048832 [Id] WindowsPlayer(DESKTOP-MUVOSHJ) [Debug] 1 [PackageName] WindowsPlayer [ProjectName] CarsML2021-main" to [225.0.0.222:54997]...
Started listening to [0.0.0.0:55319]
Starting managed debugger on port 56062
Using monoOptions --debugger-agent=transport=dt_socket,embedding=1,server=y,suspend=n,address=0.0.0.0:56062
PlayerConnection already initialized - listening to [0.0.0.0:55319]
Initialize engine version: 2019.4.28f1 (1381962e9d08)
[Subsystems] Discovering subsystems at path E:/CarsML2021-main/trainingScene/CarsML2021-main_Data/UnitySubsystems
GfxDevice: creating device client; threaded=1
Direct3D:
    Version:  Direct3D 11.0 [level 11.1]
    Renderer: NVIDIA GeForce GTX 1060 6GB (ID=0x1c03)
    Vendor:   
    VRAM:     6052 MB
    Driver:   30.0.14.7141
Begin MonoManager ReloadAssembly
- Completed reload, in  0.146 seconds
D3D11 device created for Microsoft Media Foundation video decoding.
<RI> Initializing input.
<RI> Input initialized.
<RI> Initialized touch support.
The referenced script on this Behaviour (Game Object 'Monitor1') is missing! 
(Filename: C:\buildslave\unity\build\Runtime/Mono/ManagedMonoBehaviourRef.cpp Line: 334)

UnloadTime: 0.793100 ms
script nameRoadBlock_Straight || listname:RoadBlock_Straight
UnityEngine.StackTraceUtility:ExtractStackTrace ()
UnityEngine.DebugLogHandler:LogFormat (UnityEngine.LogType,UnityEngine.Object,string,object[])
UnityEngine.Logger:Log (UnityEngine.LogType,object)
UnityEngine.Debug:Log (object)
TrainingArea:LoadMap () (at E:/CarsML2021-main/Assets/Scripts/TrainingArea.cs:160)
TrainingArea:Awake () (at E:/CarsML2021-main/Assets/Scripts/TrainingArea.cs:54)
 
(Filename: E:/CarsML2021-main/Assets/Scripts/TrainingArea.cs Line: 160)

script nameRoadBlock_Straight || listname:RoadBlock_SmallCurve
UnityEngine.StackTraceUtility:ExtractStackTrace ()
UnityEngine.DebugLogHandler:LogFormat (UnityEngine.LogType,UnityEngine.Object,string,object[])
UnityEngine.Logger:Log (UnityEngine.LogType,object)
UnityEngine.Debug:Log (object)
TrainingArea:LoadMap () (at E:/CarsML2021-main/Assets/Scripts/TrainingArea.cs:160)
TrainingArea:Awake () (at E:/CarsML2021-main/Assets/Scripts/TrainingArea.cs:54)
 
(Filename: E:/CarsML2021-main/Assets/Scripts/TrainingArea.cs Line: 160)

script nameRoadBlock_Straight || listname:RoadBlock_BigCurve
UnityEngine.StackTraceUtility:ExtractStackTrace ()
UnityEngine.DebugLogHandler:LogFormat (UnityEngine.LogType,UnityEngine.Object,string,object[])
UnityEngine.Logger:Log (UnityEngine.LogType,object)
UnityEngine.Debug:Log (object)
TrainingArea:LoadMap () (at E:/CarsML2021-main/Assets/Scripts/TrainingArea.cs:160)
TrainingArea:Awake () (at E:/CarsML2021-main/Assets/Scripts/TrainingArea.cs:54)
 
(Filename: E:/CarsML2021-main/Assets/Scripts/TrainingArea.cs Line: 160)

script nameRoadBlock_Straight || listname:RoadBlock_Straight
UnityEngine.StackTraceUtility:ExtractStackTrace ()
UnityEngine.DebugLogHandler:LogFormat (UnityEngine.LogType,UnityEngine.Object,string,object[])
UnityEngine.Logger:Log (UnityEngine.LogType,object)
UnityEngine.Debug:Log (object)
TrainingArea:LoadMap () (at E:/CarsML2021-main/Assets/Scripts/TrainingArea.cs:160)
TrainingArea:Awake () (at E:/CarsML2021-main/Assets/Scripts/TrainingArea.cs:54)
 
(Filename: E:/CarsML2021-main/Assets/Scripts/TrainingArea.cs Line: 160)

script nameRoadBlock_Straight || listname:RoadBlock_SmallCurve
UnityEngine.StackTraceUtility:ExtractStackTrace ()
UnityEngine.DebugLogHandler:LogFormat (UnityEngine.LogType,UnityEngine.Object,string,object[])
UnityEngine.Logger:Log (UnityEngine.LogType,object)
UnityEngine.Debug:Log (object)
TrainingArea:LoadMap () (at E:/CarsML2021-main/Assets/Scripts/TrainingArea.cs:160)
TrainingArea:Awake () (at E:/CarsML2021-main/Assets/Scripts/TrainingArea.cs:54)
 
(Filename: E:/CarsML2021-main/Assets/Scripts/TrainingArea.cs Line: 160)

script nameRoadBlock_Straight || listname:RoadBlock_BigCurve
UnityEngine.StackTraceUtility:ExtractStackTrace ()
UnityEngine.DebugLogHandler:LogFormat (UnityEngine.LogType,UnityEngine.Object,string,object[])
UnityEngine.Logger:Log (UnityEngine.LogType,object)
UnityEngine.Debug:Log (object)
TrainingArea:LoadMap () (at E:/CarsML2021-main/Assets/Scripts/TrainingArea.cs:160)
TrainingArea:Awake () (at E:/CarsML2021-main/Assets/Scripts/TrainingArea.cs:54)
 
(Filename: E:/CarsML2021-main/Assets/Scripts/TrainingArea.cs Line: 160)

script nameRoadBlock_Straight || listname:RoadBlock_Straight
UnityEngine.StackTraceUtility:ExtractStackTrace ()
UnityEngine.DebugLogHandler:LogFormat (UnityEngine.LogType,UnityEngine.Object,string,object[])
UnityEngine.Logger:Log (UnityEngine.LogType,object)
UnityEngine.Debug:Log (object)
TrainingArea:LoadMap () (at E:/CarsML2021-main/Assets/Scripts/TrainingArea.cs:160)
TrainingArea:Awake () (at E:/CarsML2021-main/Assets/Scripts/TrainingArea.cs:54)
 
(Filename: E:/CarsML2021-main/Assets/Scripts/TrainingArea.cs Line: 160)

script nameRoadBlock_Straight || listname:RoadBlock_SmallCurve
UnityEngine.StackTraceUtility:ExtractStackTrace ()
UnityEngine.DebugLogHandler:LogFormat (UnityEngine.LogType,UnityEngine.Object,string,object[])
UnityEngine.Logger:Log (UnityEngine.LogType,object)
UnityEngine.Debug:Log (object)
TrainingArea:LoadMap () (at E:/CarsML2021-main/Assets/Scripts/TrainingArea.cs:160)
TrainingArea:Awake () (at E:/CarsML2021-main/Assets/Scripts/TrainingArea.cs:54)
 
(Filename: E:/CarsML2021-main/Assets/Scripts/TrainingArea.cs Line: 160)

script nameRoadBlock_Straight || listname:RoadBlock_BigCurve
UnityEngine.StackTraceUtility:ExtractStackTrace ()
UnityEngine.DebugLogHandler:LogFormat (UnityEngine.LogType,UnityEngine.Object,string,object[])
UnityEngine.Logger:Log (UnityEngine.LogType,object)
UnityEngine.Debug:Log (object)
TrainingArea:LoadMap () (at E:/CarsML2021-main/Assets/Scripts/TrainingArea.cs:160)
TrainingArea:Awake () (at E:/CarsML2021-main/Assets/Scripts/TrainingArea.cs:54)
 
(Filename: E:/CarsML2021-main/Assets/Scripts/TrainingArea.cs Line: 160)

script nameRoadBlock_BigCurve || listname:RoadBlock_Straight
UnityEngine.StackTraceUtility:ExtractStackTrace ()
UnityEngine.DebugLogHandler:LogFormat (UnityEngine.LogType,UnityEngine.Object,string,object[])
UnityEngine.Logger:Log (UnityEngine.LogType,object)
UnityEngine.Debug:Log (object)
TrainingArea:LoadMap () (at E:/CarsML2021-main/Assets/Scripts/TrainingArea.cs:160)
TrainingArea:Awake () (at E:/CarsML2021-main/Assets/Scripts/TrainingArea.cs:54)
 
(Filename: E:/CarsML2021-main/Assets/Scripts/TrainingArea.cs Line: 160)

script nameRoadBlock_BigCurve || listname:RoadBlock_SmallCurve
UnityEngine.StackTraceUtility:ExtractStackTrace ()
UnityEngine.DebugLogHandler:LogFormat (UnityEngine.LogType,UnityEngine.Object,string,object[])
UnityEngine.Logger:Log (UnityEngine.LogType,object)
UnityEngine.Debug:Log (object)
TrainingArea:LoadMap () (at E:/CarsML2021-main/Assets/Scripts/TrainingArea.cs:160)
TrainingArea:Awake () (at E:/CarsML2021-main/Assets/Scripts/TrainingArea.cs:54)
 
(Filename: E:/CarsML2021-main/Assets/Scripts/TrainingArea.cs Line: 160)

script nameRoadBlock_BigCurve || listname:RoadBlock_BigCurve
UnityEngine.StackTraceUtility:ExtractStackTrace ()
UnityEngine.DebugLogHandler:LogFormat (UnityEngine.LogType,UnityEngine.Object,string,object[])
UnityEngine.Logger:Log (UnityEngine.LogType,object)
UnityEngine.Debug:Log (object)
TrainingArea:LoadMap () (at E:/CarsML2021-main/Assets/Scripts/TrainingArea.cs:160)
TrainingArea:Awake () (at E:/CarsML2021-main/Assets/Scripts/TrainingArea.cs:54)
 
(Filename: E:/CarsML2021-main/Assets/Scripts/TrainingArea.cs Line: 160)

script nameRoadBlock_BigCurve || listname:RoadBlock_Straight
UnityEngine.StackTraceUtility:ExtractStackTrace ()
UnityEngine.DebugLogHandler:LogFormat (UnityEngine.LogType,UnityEngine.Object,string,object[])
UnityEngine.Logger:Log (UnityEngine.LogType,object)
UnityEngine.Debug:Log (object)
TrainingArea:LoadMap () (at E:/CarsML2021-main/Assets/Scripts/TrainingArea.cs:160)
TrainingArea:Awake () (at E:/CarsML2021-main/Assets/Scripts/TrainingArea.cs:54)
 
(Filename: E:/CarsML2021-main/Assets/Scripts/TrainingArea.cs Line: 160)

script nameRoadBlock_BigCurve || listname:RoadBlock_SmallCurve
UnityEngine.StackTraceUtility:ExtractStackTrace ()
UnityEngine.DebugLogHandler:LogFormat (UnityEngine.LogType,UnityEngine.Object,string,object[])
UnityEngine.Logger:Log (UnityEngine.LogType,object)
UnityEngine.Debug:Log (object)
TrainingArea:LoadMap () (at E:/CarsML2021-main/Assets/Scripts/TrainingArea.cs:160)
TrainingArea:Awake () (at E:/CarsML2021-main/Assets/Scripts/TrainingArea.cs:54)
 
(Filename: E:/CarsML2021-main/Assets/Scripts/TrainingArea.cs Line: 160)

script nameRoadBlock_BigCurve || listname:RoadBlock_BigCurve
UnityEngine.StackTraceUtility:ExtractStackTrace ()
UnityEngine.DebugLogHandler:LogFormat (UnityEngine.LogType,UnityEngine.Object,string,object[])
UnityEngine.Logger:Log (UnityEngine.LogType,object)
UnityEngine.Debug:Log (object)
TrainingArea:LoadMap () (at E:/CarsML2021-main/Assets/Scripts/TrainingArea.cs:160)
TrainingArea:Awake () (at E:/CarsML2021-main/Assets/Scripts/TrainingArea.cs:54)
 
(Filename: E:/CarsML2021-main/Assets/Scripts/TrainingArea.cs Line: 160)

script nameRoadBlock_Straight || listname:RoadBlock_Straight
UnityEngine.StackTraceUtility:ExtractStackTrace ()
UnityEngine.DebugLogHandler:LogFormat (UnityEngine.LogType,UnityEngine.Object,string,object[])
UnityEngine.Logger:Log (UnityEngine.LogType,object)
UnityEngine.Debug:Log (object)
TrainingArea:LoadMap () (at E:/CarsML2021-main/Assets/Scripts/TrainingArea.cs:160)
TrainingArea:Awake () (at E:/CarsML2021-main/Assets/Scripts/TrainingArea.cs:54)
 
(Filename: E:/CarsML2021-main/Assets/Scripts/TrainingArea.cs Line: 160)

script nameRoadBlock_Straight || listname:RoadBlock_SmallCurve
UnityEngine.StackTraceUtility:ExtractStackTrace ()
UnityEngine.DebugLogHandler:LogFormat (UnityEngine.LogType,UnityEngine.Object,string,object[])
UnityEngine.Logger:Log (UnityEngine.LogType,object)
UnityEngine.Debug:Log (object)
TrainingArea:LoadMap () (at E:/CarsML2021-main/Assets/Scripts/TrainingArea.cs:160)
TrainingArea:Awake () (at E:/CarsML2021-main/Assets/Scripts/TrainingArea.cs:54)
 
(Filename: E:/CarsML2021-main/Assets/Scripts/TrainingArea.cs Line: 160)

script nameRoadBlock_Straight || listname:RoadBlock_BigCurve
UnityEngine.StackTraceUtility:ExtractStackTrace ()
UnityEngine.DebugLogHandler:LogFormat (UnityEngine.LogType,UnityEngine.Object,string,object[])
UnityEngine.Logger:Log (UnityEngine.LogType,object)
UnityEngine.Debug:Log (object)
TrainingArea:LoadMap () (at E:/CarsML2021-main/Assets/Scripts/TrainingArea.cs:160)
TrainingArea:Awake () (at E:/CarsML2021-main/Assets/Scripts/TrainingArea.cs:54)
 
(Filename: E:/CarsML2021-main/Assets/Scripts/TrainingArea.cs Line: 160)

script nameRoadBlock_Straight || listname:RoadBlock_Straight
UnityEngine.StackTraceUtility:ExtractStackTrace ()
UnityEngine.DebugLogHandler:LogFormat (UnityEngine.LogType,UnityEngine.Object,string,object[])
UnityEngine.Logger:Log (UnityEngine.LogType,object)
UnityEngine.Debug:Log (object)
TrainingArea:LoadMap () (at E:/CarsML2021-main/Assets/Scripts/TrainingArea.cs:160)
TrainingArea:Awake () (at E:/CarsML2021-main/Assets/Scripts/TrainingArea.cs:54)
 
(Filename: E:/CarsML2021-main/Assets/Scripts/TrainingArea.cs Line: 160)

script nameRoadBlock_Straight || listname:RoadBlock_SmallCurve
UnityEngine.StackTraceUtility:ExtractStackTrace ()
UnityEngine.DebugLogHandler:LogFormat (UnityEngine.LogType,UnityEngine.Object,string,object[])
UnityEngine.Logger:Log (UnityEngine.LogType,object)
UnityEngine.Debug:Log (object)
TrainingArea:LoadMap () (at E:/CarsML2021-main/Assets/Scripts/TrainingArea.cs:160)
TrainingArea:Awake () (at E:/CarsML2021-main/Assets/Scripts/TrainingArea.cs:54)
 
(Filename: E:/CarsML2021-main/Assets/Scripts/TrainingArea.cs Line: 160)

script nameRoadBlock_Straight || listname:RoadBlock_BigCurve
UnityEngine.StackTraceUtility:ExtractStackTrace ()
UnityEngine.DebugLogHandler:LogFormat (UnityEngine.LogType,UnityEngine.Object,string,object[])
UnityEngine.Logger:Log (UnityEngine.LogType,object)
UnityEngine.Debug:Log (object)
TrainingArea:LoadMap () (at E:/CarsML2021-main/Assets/Scripts/TrainingArea.cs:160)
TrainingArea:Awake () (at E:/CarsML2021-main/Assets/Scripts/TrainingArea.cs:54)
 
(Filename: E:/CarsML2021-main/Assets/Scripts/TrainingArea.cs Line: 160)

script nameRoadBlock_Straight || listname:RoadBlock_Straight
UnityEngine.StackTraceUtility:ExtractStackTrace ()
UnityEngine.DebugLogHandler:LogFormat (UnityEngine.LogType,UnityEngine.Object,string,object[])
UnityEngine.Logger:Log (UnityEngine.LogType,object)
UnityEngine.Debug:Log (object)
TrainingArea:LoadMap () (at E:/CarsML2021-main/Assets/Scripts/TrainingArea.cs:160)
TrainingArea:Awake () (at E:/CarsML2021-main/Assets/Scripts/TrainingArea.cs:54)
 
(Filename: E:/CarsML2021-main/Assets/Scripts/TrainingArea.cs Line: 160)

script nameRoadBlock_Straight || listname:RoadBlock_SmallCurve
UnityEngine.StackTraceUtility:ExtractStackTrace ()
UnityEngine.DebugLogHandler:LogFormat (UnityEngine.LogType,UnityEngine.Object,string,object[])
UnityEngine.Logger:Log (UnityEngine.LogType,object)
UnityEngine.Debug:Log (object)
TrainingArea:LoadMap () (at E:/CarsML2021-main/Assets/Scripts/TrainingArea.cs:160)
TrainingArea:Awake () (at E:/CarsML2021-main/Assets/Scripts/TrainingArea.cs:54)
 
(Filename: E:/CarsML2021-main/Assets/Scripts/TrainingArea.cs Line: 160)

script nameRoadBlock_Straight || listname:RoadBlock_BigCurve
UnityEngine.StackTraceUtility:ExtractStackTrace ()
UnityEngine.DebugLogHandler:LogFormat (UnityEngine.LogType,UnityEngine.Object,string,object[])
UnityEngine.Logger:Log (UnityEngine.LogType,object)
UnityEngine.Debug:Log (object)
TrainingArea:LoadMap () (at E:/CarsML2021-main/Assets/Scripts/TrainingArea.cs:160)
TrainingArea:Awake () (at E:/CarsML2021-main/Assets/Scripts/TrainingArea.cs:54)
 
(Filename: E:/CarsML2021-main/Assets/Scripts/TrainingArea.cs Line: 160)

script nameRoadBlock_BigCurve || listname:RoadBlock_Straight
UnityEngine.StackTraceUtility:ExtractStackTrace ()
UnityEngine.DebugLogHandler:LogFormat (UnityEngine.LogType,UnityEngine.Object,string,object[])
UnityEngine.Logger:Log (UnityEngine.LogType,object)
UnityEngine.Debug:Log (object)
TrainingArea:LoadMap () (at E:/CarsML2021-main/Assets/Scripts/TrainingArea.cs:160)
TrainingArea:Awake () (at E:/CarsML2021-main/Assets/Scripts/TrainingArea.cs:54)
 
(Filename: E:/CarsML2021-main/Assets/Scripts/TrainingArea.cs Line: 160)

script nameRoadBlock_BigCurve || listname:RoadBlock_SmallCurve
UnityEngine.StackTraceUtility:ExtractStackTrace ()
UnityEngine.DebugLogHandler:LogFormat (UnityEngine.LogType,UnityEngine.Object,string,object[])
UnityEngine.Logger:Log (UnityEngine.LogType,object)
UnityEngine.Debug:Log (object)
TrainingArea:LoadMap () (at E:/CarsML2021-main/Assets/Scripts/TrainingArea.cs:160)
TrainingArea:Awake () (at E:/CarsML2021-main/Assets/Scripts/TrainingArea.cs:54)
 
(Filename: E:/CarsML2021-main/Assets/Scripts/TrainingArea.cs Line: 160)

script nameRoadBlock_BigCurve || listname:RoadBlock_BigCurve
UnityEngine.StackTraceUtility:ExtractStackTrace ()
UnityEngine.DebugLogHandler:LogFormat (UnityEngine.LogType,UnityEngine.Object,string,object[])
UnityEngine.Logger:Log (UnityEngine.LogType,object)
UnityEngine.Debug:Log (object)
TrainingArea:LoadMap () (at E:/CarsML2021-main/Assets/Scripts/TrainingArea.cs:160)
TrainingArea:Awake () (at E:/CarsML2021-main/Assets/Scripts/TrainingArea.cs:54)
 
(Filename: E:/CarsML2021-main/Assets/Scripts/TrainingArea.cs Line: 160)

script nameRoadBlock_SmallCurve || listname:RoadBlock_Straight
UnityEngine.StackTraceUtility:ExtractStackTrace ()
UnityEngine.DebugLogHandler:LogFormat (UnityEngine.LogType,UnityEngine.Object,string,object[])
UnityEngine.Logger:Log (UnityEngine.LogType,object)
UnityEngine.Debug:Log (object)
TrainingArea:LoadMap () (at E:/CarsML2021-main/Assets/Scripts/TrainingArea.cs:160)
TrainingArea:Awake () (at E:/CarsML2021-main/Assets/Scripts/TrainingArea.cs:54)
 
(Filename: E:/CarsML2021-main/Assets/Scripts/TrainingArea.cs Line: 160)

script nameRoadBlock_SmallCurve || listname:RoadBlock_SmallCurve
UnityEngine.StackTraceUtility:ExtractStackTrace ()
UnityEngine.DebugLogHandler:LogFormat (UnityEngine.LogType,UnityEngine.Object,string,object[])
UnityEngine.Logger:Log (UnityEngine.LogType,object)
UnityEngine.Debug:Log (object)
TrainingArea:LoadMap () (at E:/CarsML2021-main/Assets/Scripts/TrainingArea.cs:160)
TrainingArea:Awake () (at E:/CarsML2021-main/Assets/Scripts/TrainingArea.cs:54)
 
(Filename: E:/CarsML2021-main/Assets/Scripts/TrainingArea.cs Line: 160)

script nameRoadBlock_SmallCurve || listname:RoadBlock_BigCurve
UnityEngine.StackTraceUtility:ExtractStackTrace ()
UnityEngine.DebugLogHandler:LogFormat (UnityEngine.LogType,UnityEngine.Object,string,object[])
UnityEngine.Logger:Log (UnityEngine.LogType,object)
UnityEngine.Debug:Log (object)
TrainingArea:LoadMap () (at E:/CarsML2021-main/Assets/Scripts/TrainingArea.cs:160)
TrainingArea:Awake () (at E:/CarsML2021-main/Assets/Scripts/TrainingArea.cs:54)
 
(Filename: E:/CarsML2021-main/Assets/Scripts/TrainingArea.cs Line: 160)

script nameRoadBlock_SmallCurve || listname:RoadBlock_Straight
UnityEngine.StackTraceUtility:ExtractStackTrace ()
UnityEngine.DebugLogHandler:LogFormat (UnityEngine.LogType,UnityEngine.Object,string,object[])
UnityEngine.Logger:Log (UnityEngine.LogType,object)
UnityEngine.Debug:Log (object)
TrainingArea:LoadMap () (at E:/CarsML2021-main/Assets/Scripts/TrainingArea.cs:160)
TrainingArea:Awake () (at E:/CarsML2021-main/Assets/Scripts/TrainingArea.cs:54)
 
(Filename: E:/CarsML2021-main/Assets/Scripts/TrainingArea.cs Line: 160)

script nameRoadBlock_SmallCurve || listname:RoadBlock_SmallCurve
UnityEngine.StackTraceUtility:ExtractStackTrace ()
UnityEngine.DebugLogHandler:LogFormat (UnityEngine.LogType,UnityEngine.Object,string,object[])
UnityEngine.Logger:Log (UnityEngine.LogType,object)
UnityEngine.Debug:Log (object)
TrainingArea:LoadMap () (at E:/CarsML2021-main/Assets/Scripts/TrainingArea.cs:160)
TrainingArea:Awake () (at E:/CarsML2021-main/Assets/Scripts/TrainingArea.cs:54)
 
(Filename: E:/CarsML2021-main/Assets/Scripts/TrainingArea.cs Line: 160)

script nameRoadBlock_SmallCurve || listname:RoadBlock_BigCurve
UnityEngine.StackTraceUtility:ExtractStackTrace ()
UnityEngine.DebugLogHandler:LogFormat (UnityEngine.LogType,UnityEngine.Object,string,object[])
UnityEngine.Logger:Log (UnityEngine.LogType,object)
UnityEngine.Debug:Log (object)
TrainingArea:LoadMap () (at E:/CarsML2021-main/Assets/Scripts/TrainingArea.cs:160)
TrainingArea:Awake () (at E:/CarsML2021-main/Assets/Scripts/TrainingArea.cs:54)
 
(Filename: E:/CarsML2021-main/Assets/Scripts/TrainingArea.cs Line: 160)

script nameRoadBlock_Straight || listname:RoadBlock_Straight
UnityEngine.StackTraceUtility:ExtractStackTrace ()
UnityEngine.DebugLogHandler:LogFormat (UnityEngine.LogType,UnityEngine.Object,string,object[])
UnityEngine.Logger:Log (UnityEngine.LogType,object)
UnityEngine.Debug:Log (object)
TrainingArea:LoadMap () (at E:/CarsML2021-main/Assets/Scripts/TrainingArea.cs:160)
TrainingArea:Awake () (at E:/CarsML2021-main/Assets/Scripts/TrainingArea.cs:54)
 
(Filename: E:/CarsML2021-main/Assets/Scripts/TrainingArea.cs Line: 160)

script nameRoadBlock_Straight || listname:RoadBlock_SmallCurve
UnityEngine.StackTraceUtility:ExtractStackTrace ()
UnityEngine.DebugLogHandler:LogFormat (UnityEngine.LogType,UnityEngine.Object,string,object[])
UnityEngine.Logger:Log (UnityEngine.LogType,object)
UnityEngine.Debug:Log (object)
TrainingArea:LoadMap () (at E:/CarsML2021-main/Assets/Scripts/TrainingArea.cs:160)
TrainingArea:Awake () (at E:/CarsML2021-main/Assets/Scripts/TrainingArea.cs:54)
 
(Filename: E:/CarsML2021-main/Assets/Scripts/TrainingArea.cs Line: 160)

script nameRoadBlock_Straight || listname:RoadBlock_BigCurve
UnityEngine.StackTraceUtility:ExtractStackTrace ()
UnityEngine.DebugLogHandler:LogFormat (UnityEngine.LogType,UnityEngine.Object,string,object[])
UnityEngine.Logger:Log (UnityEngine.LogType,object)
UnityEngine.Debug:Log (object)
TrainingArea:LoadMap () (at E:/CarsML2021-main/Assets/Scripts/TrainingArea.cs:160)
TrainingArea:Awake () (at E:/CarsML2021-main/Assets/Scripts/TrainingArea.cs:54)
 
(Filename: E:/CarsML2021-main/Assets/Scripts/TrainingArea.cs Line: 160)

script nameRoadBlock_Straight || listname:RoadBlock_Straight
UnityEngine.StackTraceUtility:ExtractStackTrace ()
UnityEngine.DebugLogHandler:LogFormat (UnityEngine.LogType,UnityEngine.Object,string,object[])
UnityEngine.Logger:Log (UnityEngine.LogType,object)
UnityEngine.Debug:Log (object)
TrainingArea:LoadMap () (at E:/CarsML2021-main/Assets/Scripts/TrainingArea.cs:160)
TrainingArea:Awake () (at E:/CarsML2021-main/Assets/Scripts/TrainingArea.cs:54)
 
(Filename: E:/CarsML2021-main/Assets/Scripts/TrainingArea.cs Line: 160)

script nameRoadBlock_Straight || listname:RoadBlock_SmallCurve
UnityEngine.StackTraceUtility:ExtractStackTrace ()
UnityEngine.DebugLogHandler:LogFormat (UnityEngine.LogType,UnityEngine.Object,string,object[])
UnityEngine.Logger:Log (UnityEngine.LogType,object)
UnityEngine.Debug:Log (object)
TrainingArea:LoadMap () (at E:/CarsML2021-main/Assets/Scripts/TrainingArea.cs:160)
TrainingArea:Awake () (at E:/CarsML2021-main/Assets/Scripts/TrainingArea.cs:54)
 
(Filename: E:/CarsML2021-main/Assets/Scripts/TrainingArea.cs Line: 160)

script nameRoadBlock_Straight || listname:RoadBlock_BigCurve
UnityEngine.StackTraceUtility:ExtractStackTrace ()
UnityEngine.DebugLogHandler:LogFormat (UnityEngine.LogType,UnityEngine.Object,string,object[])
UnityEngine.Logger:Log (UnityEngine.LogType,object)
UnityEngine.Debug:Log (object)
TrainingArea:LoadMap () (at E:/CarsML2021-main/Assets/Scripts/TrainingArea.cs:160)
TrainingArea:Awake () (at E:/CarsML2021-main/Assets/Scripts/TrainingArea.cs:54)
 
(Filename: E:/CarsML2021-main/Assets/Scripts/TrainingArea.cs Line: 160)

script nameRoadBlock_Straight || listname:RoadBlock_Straight
UnityEngine.StackTraceUtility:ExtractStackTrace ()
UnityEngine.DebugLogHandler:LogFormat (UnityEngine.LogType,UnityEngine.Object,string,object[])
UnityEngine.Logger:Log (UnityEngine.LogType,object)
UnityEngine.Debug:Log (object)
TrainingArea:LoadMap () (at E:/CarsML2021-main/Assets/Scripts/TrainingArea.cs:160)
TrainingArea:Awake () (at E:/CarsML2021-main/Assets/Scripts/TrainingArea.cs:54)
 
(Filename: E:/CarsML2021-main/Assets/Scripts/TrainingArea.cs Line: 160)

script nameRoadBlock_Straight || listname:RoadBlock_SmallCurve
UnityEngine.StackTraceUtility:ExtractStackTrace ()
UnityEngine.DebugLogHandler:LogFormat (UnityEngine.LogType,UnityEngine.Object,string,object[])
UnityEngine.Logger:Log (UnityEngine.LogType,object)
UnityEngine.Debug:Log (object)
TrainingArea:LoadMap () (at E:/CarsML2021-main/Assets/Scripts/TrainingArea.cs:160)
TrainingArea:Awake () (at E:/CarsML2021-main/Assets/Scripts/TrainingArea.cs:54)
 
(Filename: E:/CarsML2021-main/Assets/Scripts/TrainingArea.cs Line: 160)

script nameRoadBlock_Straight || listname:RoadBlock_BigCurve
UnityEngine.StackTraceUtility:ExtractStackTrace ()
UnityEngine.DebugLogHandler:LogFormat (UnityEngine.LogType,UnityEngine.Object,string,object[])
UnityEngine.Logger:Log (UnityEngine.LogType,object)
UnityEngine.Debug:Log (object)
TrainingArea:LoadMap () (at E:/CarsML2021-main/Assets/Scripts/TrainingArea.cs:160)
TrainingArea:Awake () (at E:/CarsML2021-main/Assets/Scripts/TrainingArea.cs:54)
 
(Filename: E:/CarsML2021-main/Assets/Scripts/TrainingArea.cs Line: 160)

script nameRoadBlock_BigCurve || listname:RoadBlock_Straight
UnityEngine.StackTraceUtility:ExtractStackTrace ()
UnityEngine.DebugLogHandler:LogFormat (UnityEngine.LogType,UnityEngine.Object,string,object[])
UnityEngine.Logger:Log (UnityEngine.LogType,object)
UnityEngine.Debug:Log (object)
TrainingArea:LoadMap () (at E:/CarsML2021-main/Assets/Scripts/TrainingArea.cs:160)
TrainingArea:Awake () (at E:/CarsML2021-main/Assets/Scripts/TrainingArea.cs:54)
 
(Filename: E:/CarsML2021-main/Assets/Scripts/TrainingArea.cs Line: 160)

script nameRoadBlock_BigCurve || listname:RoadBlock_SmallCurve
UnityEngine.StackTraceUtility:ExtractStackTrace ()
UnityEngine.DebugLogHandler:LogFormat (UnityEngine.LogType,UnityEngine.Object,string,object[])
UnityEngine.Logger:Log (UnityEngine.LogType,object)
UnityEngine.Debug:Log (object)
TrainingArea:LoadMap () (at E:/CarsML2021-main/Assets/Scripts/TrainingArea.cs:160)
TrainingArea:Awake () (at E:/CarsML2021-main/Assets/Scripts/TrainingArea.cs:54)
 
(Filename: E:/CarsML2021-main/Assets/Scripts/TrainingArea.cs Line: 160)

script nameRoadBlock_BigCurve || listname:RoadBlock_BigCurve
UnityEngine.StackTraceUtility:ExtractStackTrace ()
UnityEngine.DebugLogHandler:LogFormat (UnityEngine.LogType,UnityEngine.Object,string,object[])
UnityEngine.Logger:Log (UnityEngine.LogType,object)
UnityEngine.Debug:Log (object)
TrainingArea:LoadMap () (at E:/CarsML2021-main/Assets/Scripts/TrainingArea.cs:160)
TrainingArea:Awake () (at E:/CarsML2021-main/Assets/Scripts/TrainingArea.cs:54)
 
(Filename: E:/CarsML2021-main/Assets/Scripts/TrainingArea.cs Line: 160)

script nameRoadBlock_Straight || listname:RoadBlock_Straight
UnityEngine.StackTraceUtility:ExtractStackTrace ()
UnityEngine.DebugLogHandler:LogFormat (UnityEngine.LogType,UnityEngine.Object,string,object[])
UnityEngine.Logger:Log (UnityEngine.LogType,object)
UnityEngine.Debug:Log (object)
TrainingArea:LoadMap () (at E:/CarsML2021-main/Assets/Scripts/TrainingArea.cs:160)
TrainingArea:Awake () (at E:/CarsML2021-main/Assets/Scripts/TrainingArea.cs:54)
 
(Filename: E:/CarsML2021-main/Assets/Scripts/TrainingArea.cs Line: 160)

script nameRoadBlock_Straight || listname:RoadBlock_SmallCurve
UnityEngine.StackTraceUtility:ExtractStackTrace ()
UnityEngine.DebugLogHandler:LogFormat (UnityEngine.LogType,UnityEngine.Object,string,object[])
UnityEngine.Logger:Log (UnityEngine.LogType,object)
UnityEngine.Debug:Log (object)
TrainingArea:LoadMap () (at E:/CarsML2021-main/Assets/Scripts/TrainingArea.cs:160)
TrainingArea:Awake () (at E:/CarsML2021-main/Assets/Scripts/TrainingArea.cs:54)
 
(Filename: E:/CarsML2021-main/Assets/Scripts/TrainingArea.cs Line: 160)

script nameRoadBlock_Straight || listname:RoadBlock_BigCurve
UnityEngine.StackTraceUtility:ExtractStackTrace ()
UnityEngine.DebugLogHandler:LogFormat (UnityEngine.LogType,UnityEngine.Object,string,object[])
UnityEngine.Logger:Log (UnityEngine.LogType,object)
UnityEngine.Debug:Log (object)
TrainingArea:LoadMap () (at E:/CarsML2021-main/Assets/Scripts/TrainingArea.cs:160)
TrainingArea:Awake () (at E:/CarsML2021-main/Assets/Scripts/TrainingArea.cs:54)
 
(Filename: E:/CarsML2021-main/Assets/Scripts/TrainingArea.cs Line: 160)

Loaded Successfully
UnityEngine.StackTraceUtility:ExtractStackTrace ()
UnityEngine.DebugLogHandler:LogFormat (UnityEngine.LogType,UnityEngine.Object,string,object[])
UnityEngine.Logger:Log (UnityEngine.LogType,object)
UnityEngine.Debug:Log (object)
TrainingArea:LoadMap () (at E:/CarsML2021-main/Assets/Scripts/TrainingArea.cs:175)
TrainingArea:Awake () (at E:/CarsML2021-main/Assets/Scripts/TrainingArea.cs:54)
 
(Filename: E:/CarsML2021-main/Assets/Scripts/TrainingArea.cs Line: 175)

Track (UnityEngine.GameObject)
UnityEngine.StackTraceUtility:ExtractStackTrace ()
UnityEngine.DebugLogHandler:LogFormat (UnityEngine.LogType,UnityEngine.Object,string,object[])
UnityEngine.Logger:Log (UnityEngine.LogType,object)
UnityEngine.Debug:Log (object)
TrainingArea:EnableCheckPoints () (at E:/CarsML2021-main/Assets/Scripts/TrainingArea.cs:224)
TrainingArea:Awake () (at E:/CarsML2021-main/Assets/Scripts/TrainingArea.cs:61)
 
(Filename: E:/CarsML2021-main/Assets/Scripts/TrainingArea.cs Line: 224)

Training Start
UnityEngine.StackTraceUtility:ExtractStackTrace ()
UnityEngine.DebugLogHandler:LogFormat (UnityEngine.LogType,UnityEngine.Object,string,object[])
UnityEngine.Logger:Log (UnityEngine.LogType,object)
UnityEngine.Debug:Log (object)
TrainingArea:Awake () (at E:/CarsML2021-main/Assets/Scripts/TrainingArea.cs:67)
 
(Filename: E:/CarsML2021-main/Assets/Scripts/TrainingArea.cs Line: 67)

Agents (academy): 9
UnityEngine.StackTraceUtility:ExtractStackTrace ()
UnityEngine.DebugLogHandler:LogFormat (UnityEngine.LogType,UnityEngine.Object,string,object[])
UnityEngine.Logger:Log (UnityEngine.LogType,object)
UnityEngine.Debug:Log (object)
TrainingArea:Awake () (at E:/CarsML2021-main/Assets/Scripts/TrainingArea.cs:74)
 
(Filename: E:/CarsML2021-main/Assets/Scripts/TrainingArea.cs Line: 74)

9
UnityEngine.StackTraceUtility:ExtractStackTrace ()
UnityEngine.DebugLogHandler:LogFormat (UnityEngine.LogType,UnityEngine.Object,string,object[])
UnityEngine.Logger:Log (UnityEngine.LogType,object)
UnityEngine.Debug:Log (object)
TrainingArea:SpawnAgents (int,UnityEngine.Vector3,UnityEngine.Quaternion) (at E:/CarsML2021-main/Assets/Scripts/TrainingArea.cs:96)
TrainingArea:Awake () (at E:/CarsML2021-main/Assets/Scripts/TrainingArea.cs:81)
 
(Filename: E:/CarsML2021-main/Assets/Scripts/TrainingArea.cs Line: 96)

5
UnityEngine.StackTraceUtility:ExtractStackTrace ()
UnityEngine.DebugLogHandler:LogFormat (UnityEngine.LogType,UnityEngine.Object,string,object[])
UnityEngine.Logger:Log (UnityEngine.LogType,object)
UnityEngine.Debug:Log (object)
TrainingArea:SpawnAgents (int,UnityEngine.Vector3,UnityEngine.Quaternion) (at E:/CarsML2021-main/Assets/Scripts/TrainingArea.cs:97)
TrainingArea:Awake () (at E:/CarsML2021-main/Assets/Scripts/TrainingArea.cs:81)
 
(Filename: E:/CarsML2021-main/Assets/Scripts/TrainingArea.cs Line: 97)

0
UnityEngine.StackTraceUtility:ExtractStackTrace ()
UnityEngine.DebugLogHandler:LogFormat (UnityEngine.LogType,UnityEngine.Object,string,object[])
UnityEngine.Logger:Log (UnityEngine.LogType,object)
UnityEngine.Debug:Log (object)
TrainingArea:SpawnAgents (int,UnityEngine.Vector3,UnityEngine.Quaternion) (at E:/CarsML2021-main/Assets/Scripts/TrainingArea.cs:98)
TrainingArea:Awake () (at E:/CarsML2021-main/Assets/Scripts/TrainingArea.cs:81)
 
(Filename: E:/CarsML2021-main/Assets/Scripts/TrainingArea.cs Line: 98)

Fallback handler could not load library E:/CarsML2021-main/trainingScene/CarsML2021-main_Data/Mono/libcoreclr.so
Fallback handler could not load library E:/CarsML2021-main/trainingScene/CarsML2021-main_Data/Mono/libcoreclr.so.dll
Fallback handler could not load library E:/CarsML2021-main/trainingScene/CarsML2021-main_Data/Mono/libcoreclr.so
Fallback handler could not load library E:/CarsML2021-main/trainingScene/CarsML2021-main_Data/Mono/libdl.so
Fallback handler could not load library E:/CarsML2021-main/trainingScene/CarsML2021-main_Data/Mono/libdl.so.dll
Fallback handler could not load library E:/CarsML2021-main/trainingScene/CarsML2021-main_Data/Mono/libdl.so
Fallback handler could not load library E:/CarsML2021-main/trainingScene/CarsML2021-main_Data/Mono/libSystem.dylib
Fallback handler could not load library E:/CarsML2021-main/trainingScene/CarsML2021-main_Data/Mono/libSystem.dylib.dll
Fallback handler could not load library E:/CarsML2021-main/trainingScene/CarsML2021-main_Data/Mono/libSystem.dylib
Fallback handler could not load library E:/CarsML2021-main/trainingScene/CarsML2021-main_Data/Mono/libcoreclr.so
Fallback handler could not load library E:/CarsML2021-main/trainingScene/CarsML2021-main_Data/Mono/libcoreclr.so.dll
Fallback handler could not load library E:/CarsML2021-main/trainingScene/CarsML2021-main_Data/Mono/libcoreclr.so
Fallback handler could not load library E:/CarsML2021-main/trainingScene/CarsML2021-main_Data/Mono/libdl.so
Fallback handler could not load library E:/CarsML2021-main/trainingScene/CarsML2021-main_Data/Mono/libdl.so.dll
Fallback handler could not load library E:/CarsML2021-main/trainingScene/CarsML2021-main_Data/Mono/libdl.so
Fallback handler could not load library E:/CarsML2021-main/trainingScene/CarsML2021-main_Data/Mono/libSystem.dylib
Fallback handler could not load library E:/CarsML2021-main/trainingScene/CarsML2021-main_Data/Mono/libSystem.dylib.dll
Fallback handler could not load library E:/CarsML2021-main/trainingScene/CarsML2021-main_Data/Mono/libSystem.dylib
9
UnityEngine.StackTraceUtility:ExtractStackTrace ()
UnityEngine.DebugLogHandler:LogFormat (UnityEngine.LogType,UnityEngine.Object,string,object[])
UnityEngine.Logger:Log (UnityEngine.LogType,object)
UnityEngine.Debug:Log (object)
TrainingArea:SpawnAgents (int,UnityEngine.Vector3,UnityEngine.Quaternion) (at E:/CarsML2021-main/Assets/Scripts/TrainingArea.cs:96)
TrainingArea:Awake () (at E:/CarsML2021-main/Assets/Scripts/TrainingArea.cs:81)
 
(Filename: E:/CarsML2021-main/Assets/Scripts/TrainingArea.cs Line: 96)

5
UnityEngine.StackTraceUtility:ExtractStackTrace ()
UnityEngine.DebugLogHandler:LogFormat (UnityEngine.LogType,UnityEngine.Object,string,object[])
UnityEngine.Logger:Log (UnityEngine.LogType,object)
UnityEngine.Debug:Log (object)
TrainingArea:SpawnAgents (int,UnityEngine.Vector3,UnityEngine.Quaternion) (at E:/CarsML2021-main/Assets/Scripts/TrainingArea.cs:97)
TrainingArea:Awake () (at E:/CarsML2021-main/Assets/Scripts/TrainingArea.cs:81)
 
(Filename: E:/CarsML2021-main/Assets/Scripts/TrainingArea.cs Line: 97)

0
UnityEngine.StackTraceUtility:ExtractStackTrace ()
UnityEngine.DebugLogHandler:LogFormat (UnityEngine.LogType,UnityEngine.Object,string,object[])
UnityEngine.Logger:Log (UnityEngine.LogType,object)
UnityEngine.Debug:Log (object)
TrainingArea:SpawnAgents (int,UnityEngine.Vector3,UnityEngine.Quaternion) (at E:/CarsML2021-main/Assets/Scripts/TrainingArea.cs:98)
TrainingArea:Awake () (at E:/CarsML2021-main/Assets/Scripts/TrainingArea.cs:81)
 
(Filename: E:/CarsML2021-main/Assets/Scripts/TrainingArea.cs Line: 98)

9
UnityEngine.StackTraceUtility:ExtractStackTrace ()
UnityEngine.DebugLogHandler:LogFormat (UnityEngine.LogType,UnityEngine.Object,string,object[])
UnityEngine.Logger:Log (UnityEngine.LogType,object)
UnityEngine.Debug:Log (object)
TrainingArea:SpawnAgents (int,UnityEngine.Vector3,UnityEngine.Quaternion) (at E:/CarsML2021-main/Assets/Scripts/TrainingArea.cs:96)
TrainingArea:Awake () (at E:/CarsML2021-main/Assets/Scripts/TrainingArea.cs:81)
 
(Filename: E:/CarsML2021-main/Assets/Scripts/TrainingArea.cs Line: 96)

5
UnityEngine.StackTraceUtility:ExtractStackTrace ()
UnityEngine.DebugLogHandler:LogFormat (UnityEngine.LogType,UnityEngine.Object,string,object[])
UnityEngine.Logger:Log (UnityEngine.LogType,object)
UnityEngine.Debug:Log (object)
TrainingArea:SpawnAgents (int,UnityEngine.Vector3,UnityEngine.Quaternion) (at E:/CarsML2021-main/Assets/Scripts/TrainingArea.cs:97)
TrainingArea:Awake () (at E:/CarsML2021-main/Assets/Scripts/TrainingArea.cs:81)
 
(Filename: E:/CarsML2021-main/Assets/Scripts/TrainingArea.cs Line: 97)

0
UnityEngine.StackTraceUtility:ExtractStackTrace ()
UnityEngine.DebugLogHandler:LogFormat (UnityEngine.LogType,UnityEngine.Object,string,object[])
UnityEngine.Logger:Log (UnityEngine.LogType,object)
UnityEngine.Debug:Log (object)
TrainingArea:SpawnAgents (int,UnityEngine.Vector3,UnityEngine.Quaternion) (at E:/CarsML2021-main/Assets/Scripts/TrainingArea.cs:98)
TrainingArea:Awake () (at E:/CarsML2021-main/Assets/Scripts/TrainingArea.cs:81)
 
(Filename: E:/CarsML2021-main/Assets/Scripts/TrainingArea.cs Line: 98)

9
UnityEngine.StackTraceUtility:ExtractStackTrace ()
UnityEngine.DebugLogHandler:LogFormat (UnityEngine.LogType,UnityEngine.Object,string,object[])
UnityEngine.Logger:Log (UnityEngine.LogType,object)
UnityEngine.Debug:Log (object)
TrainingArea:SpawnAgents (int,UnityEngine.Vector3,UnityEngine.Quaternion) (at E:/CarsML2021-main/Assets/Scripts/TrainingArea.cs:96)
TrainingArea:Awake () (at E:/CarsML2021-main/Assets/Scripts/TrainingArea.cs:81)
 
(Filename: E:/CarsML2021-main/Assets/Scripts/TrainingArea.cs Line: 96)

5
UnityEngine.StackTraceUtility:ExtractStackTrace ()
UnityEngine.DebugLogHandler:LogFormat (UnityEngine.LogType,UnityEngine.Object,string,object[])
UnityEngine.Logger:Log (UnityEngine.LogType,object)
UnityEngine.Debug:Log (object)
TrainingArea:SpawnAgents (int,UnityEngine.Vector3,UnityEngine.Quaternion) (at E:/CarsML2021-main/Assets/Scripts/TrainingArea.cs:97)
TrainingArea:Awake () (at E:/CarsML2021-main/Assets/Scripts/TrainingArea.cs:81)
 
(Filename: E:/CarsML2021-main/Assets/Scripts/TrainingArea.cs Line: 97)

0
UnityEngine.StackTraceUtility:ExtractStackTrace ()
UnityEngine.DebugLogHandler:LogFormat (UnityEngine.LogType,UnityEngine.Object,string,object[])
UnityEngine.Logger:Log (UnityEngine.LogType,object)
UnityEngine.Debug:Log (object)
TrainingArea:SpawnAgents (int,UnityEngine.Vector3,UnityEngine.Quaternion) (at E:/CarsML2021-main/Assets/Scripts/TrainingArea.cs:98)
TrainingArea:Awake () (at E:/CarsML2021-main/Assets/Scripts/TrainingArea.cs:81)
 
(Filename: E:/CarsML2021-main/Assets/Scripts/TrainingArea.cs Line: 98)

9
UnityEngine.StackTraceUtility:ExtractStackTrace ()
UnityEngine.DebugLogHandler:LogFormat (UnityEngine.LogType,UnityEngine.Object,string,object[])
UnityEngine.Logger:Log (UnityEngine.LogType,object)
UnityEngine.Debug:Log (object)
TrainingArea:SpawnAgents (int,UnityEngine.Vector3,UnityEngine.Quaternion) (at E:/CarsML2021-main/Assets/Scripts/TrainingArea.cs:96)
TrainingArea:Awake () (at E:/CarsML2021-main/Assets/Scripts/TrainingArea.cs:81)
 
(Filename: E:/CarsML2021-main/Assets/Scripts/TrainingArea.cs Line: 96)

5
UnityEngine.StackTraceUtility:ExtractStackTrace ()
UnityEngine.DebugLogHandler:LogFormat (UnityEngine.LogType,UnityEngine.Object,string,object[])
UnityEngine.Logger:Log (UnityEngine.LogType,object)
UnityEngine.Debug:Log (object)
TrainingArea:SpawnAgents (int,UnityEngine.Vector3,UnityEngine.Quaternion) (at E:/CarsML2021-main/Assets/Scripts/TrainingArea.cs:97)
TrainingArea:Awake () (at E:/CarsML2021-main/Assets/Scripts/TrainingArea.cs:81)
 
(Filename: E:/CarsML2021-main/Assets/Scripts/TrainingArea.cs Line: 97)

0
UnityEngine.StackTraceUtility:ExtractStackTrace ()
UnityEngine.DebugLogHandler:LogFormat (UnityEngine.LogType,UnityEngine.Object,string,object[])
UnityEngine.Logger:Log (UnityEngine.LogType,object)
UnityEngine.Debug:Log (object)
TrainingArea:SpawnAgents (int,UnityEngine.Vector3,UnityEngine.Quaternion) (at E:/CarsML2021-main/Assets/Scripts/TrainingArea.cs:98)
TrainingArea:Awake () (at E:/CarsML2021-main/Assets/Scripts/TrainingArea.cs:81)
 
(Filename: E:/CarsML2021-main/Assets/Scripts/TrainingArea.cs Line: 98)

9
UnityEngine.StackTraceUtility:ExtractStackTrace ()
UnityEngine.DebugLogHandler:LogFormat (UnityEngine.LogType,UnityEngine.Object,string,object[])
UnityEngine.Logger:Log (UnityEngine.LogType,object)
UnityEngine.Debug:Log (object)
TrainingArea:SpawnAgents (int,UnityEngine.Vector3,UnityEngine.Quaternion) (at E:/CarsML2021-main/Assets/Scripts/TrainingArea.cs:96)
TrainingArea:Awake () (at E:/CarsML2021-main/Assets/Scripts/TrainingArea.cs:81)
 
(Filename: E:/CarsML2021-main/Assets/Scripts/TrainingArea.cs Line: 96)

5
UnityEngine.StackTraceUtility:ExtractStackTrace ()
UnityEngine.DebugLogHandler:LogFormat (UnityEngine.LogType,UnityEngine.Object,string,object[])
UnityEngine.Logger:Log (UnityEngine.LogType,object)
UnityEngine.Debug:Log (object)
TrainingArea:SpawnAgents (int,UnityEngine.Vector3,UnityEngine.Quaternion) (at E:/CarsML2021-main/Assets/Scripts/TrainingArea.cs:97)
TrainingArea:Awake () (at E:/CarsML2021-main/Assets/Scripts/TrainingArea.cs:81)
 
(Filename: E:/CarsML2021-main/Assets/Scripts/TrainingArea.cs Line: 97)

0
UnityEngine.StackTraceUtility:ExtractStackTrace ()
UnityEngine.DebugLogHandler:LogFormat (UnityEngine.LogType,UnityEngine.Object,string,object[])
UnityEngine.Logger:Log (UnityEngine.LogType,object)
UnityEngine.Debug:Log (object)
TrainingArea:SpawnAgents (int,UnityEngine.Vector3,UnityEngine.Quaternion) (at E:/CarsML2021-main/Assets/Scripts/TrainingArea.cs:98)
TrainingArea:Awake () (at E:/CarsML2021-main/Assets/Scripts/TrainingArea.cs:81)
 
(Filename: E:/CarsML2021-main/Assets/Scripts/TrainingArea.cs Line: 98)

9
UnityEngine.StackTraceUtility:ExtractStackTrace ()
UnityEngine.DebugLogHandler:LogFormat (UnityEngine.LogType,UnityEngine.Object,string,object[])
UnityEngine.Logger:Log (UnityEngine.LogType,object)
UnityEngine.Debug:Log (object)
TrainingArea:SpawnAgents (int,UnityEngine.Vector3,UnityEngine.Quaternion) (at E:/CarsML2021-main/Assets/Scripts/TrainingArea.cs:96)
TrainingArea:Awake () (at E:/CarsML2021-main/Assets/Scripts/TrainingArea.cs:81)
 
(Filename: E:/CarsML2021-main/Assets/Scripts/TrainingArea.cs Line: 96)

5
UnityEngine.StackTraceUtility:ExtractStackTrace ()
UnityEngine.DebugLogHandler:LogFormat (UnityEngine.LogType,UnityEngine.Object,string,object[])
UnityEngine.Logger:Log (UnityEngine.LogType,object)
UnityEngine.Debug:Log (object)
TrainingArea:SpawnAgents (int,UnityEngine.Vector3,UnityEngine.Quaternion) (at E:/CarsML2021-main/Assets/Scripts/TrainingArea.cs:97)
TrainingArea:Awake () (at E:/CarsML2021-main/Assets/Scripts/TrainingArea.cs:81)
 
(Filename: E:/CarsML2021-main/Assets/Scripts/TrainingArea.cs Line: 97)

0
UnityEngine.StackTraceUtility:ExtractStackTrace ()
UnityEngine.DebugLogHandler:LogFormat (UnityEngine.LogType,UnityEngine.Object,string,object[])
UnityEngine.Logger:Log (UnityEngine.LogType,object)
UnityEngine.Debug:Log (object)
TrainingArea:SpawnAgents (int,UnityEngine.Vector3,UnityEngine.Quaternion) (at E:/CarsML2021-main/Assets/Scripts/TrainingArea.cs:98)
TrainingArea:Awake () (at E:/CarsML2021-main/Assets/Scripts/TrainingArea.cs:81)
 
(Filename: E:/CarsML2021-main/Assets/Scripts/TrainingArea.cs Line: 98)

9
UnityEngine.StackTraceUtility:ExtractStackTrace ()
UnityEngine.DebugLogHandler:LogFormat (UnityEngine.LogType,UnityEngine.Object,string,object[])
UnityEngine.Logger:Log (UnityEngine.LogType,object)
UnityEngine.Debug:Log (object)
TrainingArea:SpawnAgents (int,UnityEngine.Vector3,UnityEngine.Quaternion) (at E:/CarsML2021-main/Assets/Scripts/TrainingArea.cs:96)
TrainingArea:Awake () (at E:/CarsML2021-main/Assets/Scripts/TrainingArea.cs:81)
 
(Filename: E:/CarsML2021-main/Assets/Scripts/TrainingArea.cs Line: 96)

5
UnityEngine.StackTraceUtility:ExtractStackTrace ()
UnityEngine.DebugLogHandler:LogFormat (UnityEngine.LogType,UnityEngine.Object,string,object[])
UnityEngine.Logger:Log (UnityEngine.LogType,object)
UnityEngine.Debug:Log (object)
TrainingArea:SpawnAgents (int,UnityEngine.Vector3,UnityEngine.Quaternion) (at E:/CarsML2021-main/Assets/Scripts/TrainingArea.cs:97)
TrainingArea:Awake () (at E:/CarsML2021-main/Assets/Scripts/TrainingArea.cs:81)
 
(Filename: E:/CarsML2021-main/Assets/Scripts/TrainingArea.cs Line: 97)

0
UnityEngine.StackTraceUtility:ExtractStackTrace ()
UnityEngine.DebugLogHandler:LogFormat (UnityEngine.LogType,UnityEngine.Object,string,object[])
UnityEngine.Logger:Log (UnityEngine.LogType,object)
UnityEngine.Debug:Log (object)
TrainingArea:SpawnAgents (int,UnityEngine.Vector3,UnityEngine.Quaternion) (at E:/CarsML2021-main/Assets/Scripts/TrainingArea.cs:98)
TrainingArea:Awake () (at E:/CarsML2021-main/Assets/Scripts/TrainingArea.cs:81)
 
(Filename: E:/CarsML2021-main/Assets/Scripts/TrainingArea.cs Line: 98)

9
UnityEngine.StackTraceUtility:ExtractStackTrace ()
UnityEngine.DebugLogHandler:LogFormat (UnityEngine.LogType,UnityEngine.Object,string,object[])
UnityEngine.Logger:Log (UnityEngine.LogType,object)
UnityEngine.Debug:Log (object)
TrainingArea:SpawnAgents (int,UnityEngine.Vector3,UnityEngine.Quaternion) (at E:/CarsML2021-main/Assets/Scripts/TrainingArea.cs:96)
TrainingArea:Awake () (at E:/CarsML2021-main/Assets/Scripts/TrainingArea.cs:81)
 
(Filename: E:/CarsML2021-main/Assets/Scripts/TrainingArea.cs Line: 96)

5
UnityEngine.StackTraceUtility:ExtractStackTrace ()
UnityEngine.DebugLogHandler:LogFormat (UnityEngine.LogType,UnityEngine.Object,string,object[])
UnityEngine.Logger:Log (UnityEngine.LogType,object)
UnityEngine.Debug:Log (object)
TrainingArea:SpawnAgents (int,UnityEngine.Vector3,UnityEngine.Quaternion) (at E:/CarsML2021-main/Assets/Scripts/TrainingArea.cs:97)
TrainingArea:Awake () (at E:/CarsML2021-main/Assets/Scripts/TrainingArea.cs:81)
 
(Filename: E:/CarsML2021-main/Assets/Scripts/TrainingArea.cs Line: 97)

0
UnityEngine.StackTraceUtility:ExtractStackTrace ()
UnityEngine.DebugLogHandler:LogFormat (UnityEngine.LogType,UnityEngine.Object,string,object[])
UnityEngine.Logger:Log (UnityEngine.LogType,object)
UnityEngine.Debug:Log (object)
TrainingArea:SpawnAgents (int,UnityEngine.Vector3,UnityEngine.Quaternion) (at E:/CarsML2021-main/Assets/Scripts/TrainingArea.cs:98)
TrainingArea:Awake () (at E:/CarsML2021-main/Assets/Scripts/TrainingArea.cs:81)
 
(Filename: E:/CarsML2021-main/Assets/Scripts/TrainingArea.cs Line: 98)

Setting up 8 worker threads for Enlighten.
  Thread -> id: a278 -> priority: 1 
  Thread -> id: 7510 -> priority: 1 
  Thread -> id: 7928 -> priority: 1 
  Thread -> id: a598 -> priority: 1 
  Thread -> id: 4c68 -> priority: 1 
  Thread -> id: 40e0 -> priority: 1 
  Thread -> id: 9f48 -> priority: 1 
  Thread -> id: abec -> priority: 1 
##utp:{"type":"MemoryLeaks","version":2,"phase":"Immediate","time":1628674112879,"processId":42644,"allocatedMemory":796627,"memoryLabels":[{"Permanent":40},{"NewDelete":6232},{"Thread":144},{"Manager":2160},{"Physics":32},{"Serialization":785864},{"String":371},{"PoolAlloc":112},{"GI":296},{"VR":2040},{"Subsystems":-664}]}
