Base path: 'D:/Unity/2019.4.28f1/Editor/Data', plugins path 'D:/Unity/2019.4.28f1/Editor/Data/PlaybackEngines'
Cmd: initializeCompiler
Cmd: compileComputeKernel
  api=4 insize=775 outsize=6812 ok=1
Cmd: compileComputeKernel
  api=4 insize=958 outsize=1465 ok=1
Cmd: compileComputeKernel
  api=4 insize=958 outsize=1765 ok=1
Cmd: compileComputeKernel
  api=4 insize=222 outsize=628 ok=1
Cmd: compileComputeKernel
  api=4 insize=759 outsize=777 ok=1
Cmd: compileComputeKernel
  api=4 insize=759 outsize=844 ok=1
Cmd: compileComputeKernel
  api=4 insize=3405 outsize=22181 ok=1
Cmd: compileComputeKernel
  api=4 insize=13751 outsize=1863 ok=1
Cmd: compileComputeKernel
  api=4 insize=13751 outsize=1364 ok=1
Cmd: compileComputeKernel
  api=4 insize=80473 outsize=3818 ok=1
Cmd: compileComputeKernel
  api=4 insize=80473 outsize=2482 ok=1
Cmd: compileComputeKernel
  api=4 insize=80473 outsize=1335 ok=1
Cmd: compileComputeKernel
  api=4 insize=80473 outsize=4086 ok=1
Cmd: compileComputeKernel
  api=4 insize=80473 outsize=3457 ok=1
Cmd: compileComputeKernel
  api=4 insize=80473 outsize=3447 ok=1
Cmd: compileComputeKernel
  api=4 insize=80473 outsize=3372 ok=1
Cmd: compileComputeKernel
  api=4 insize=80473 outsize=3489 ok=1
Cmd: compileComputeKernel
  api=4 insize=80473 outsize=3407 ok=1
Cmd: compileComputeKernel
  api=4 insize=80473 outsize=5043 ok=1
Cmd: compileComputeKernel
  api=4 insize=80473 outsize=5194 ok=1
Cmd: compileComputeKernel
  api=4 insize=80473 outsize=5217 ok=1
Cmd: compileComputeKernel
  api=4 insize=80473 outsize=3429 ok=1
Cmd: compileComputeKernel
  api=4 insize=80473 outsize=1449 ok=1
Cmd: compileComputeKernel
  api=4 insize=80473 outsize=3761 ok=1
Cmd: compileComputeKernel
  api=4 insize=467 outsize=5893 ok=1
Cmd: compileComputeKernel
  api=4 insize=4703 outsize=3309 ok=1
Cmd: compileComputeKernel
  api=4 insize=75201 outsize=5651 ok=1
Cmd: compileComputeKernel
  api=4 insize=467 outsize=2137 ok=1
Cmd: compileComputeKernel
  api=4 insize=13363 outsize=3719 ok=1
Cmd: compileComputeKernel
  api=4 insize=958 outsize=1620 ok=1
Cmd: compileComputeKernel
  api=4 insize=776 outsize=4420 ok=1
Cmd: compileComputeKernel
  api=4 insize=10470 outsize=629 ok=1
Cmd: compileComputeKernel
  api=4 insize=10470 outsize=782 ok=1
Cmd: compileComputeKernel
  api=4 insize=10470 outsize=796 ok=1
Cmd: compileComputeKernel
  api=4 insize=10470 outsize=882 ok=1
Cmd: compileComputeKernel
  api=4 insize=10470 outsize=855 ok=1
Cmd: compileComputeKernel
  api=4 insize=10470 outsize=709 ok=1
Cmd: compileComputeKernel
  api=4 insize=10470 outsize=1547 ok=1
Cmd: compileComputeKernel
  api=4 insize=10470 outsize=1329 ok=1
Cmd: compileComputeKernel
  api=4 insize=10470 outsize=1442 ok=1
Cmd: compileComputeKernel
  api=4 insize=10470 outsize=1288 ok=1
Cmd: compileComputeKernel
  api=4 insize=10470 outsize=1843 ok=1
Cmd: compileComputeKernel
  api=4 insize=10470 outsize=1374 ok=1
Cmd: compileComputeKernel
  api=4 insize=10470 outsize=1828 ok=1
Cmd: compileComputeKernel
  api=4 insize=10470 outsize=1317 ok=1
Cmd: compileComputeKernel
  api=4 insize=10470 outsize=1319 ok=1
Cmd: compileComputeKernel
  api=4 insize=1900 outsize=3122 ok=1
Cmd: compileSnippet
  api=4 type=1 insize=1602 outsize=7222 kw=UNITY_PASS_FORWARDBASE DIRECTIONAL SHADOWS_SCREEN LIGHTPROBE_SH pd=UNITY_ENABLE_REFLECTION_BUFFERS UNITY_USE_DITHER_MASK_FOR_ALPHABLENDED_SHADOWS UNITY_PBS_USE_BRDF1 UNITY_SPECCUBE_BOX_PROJECTION UNITY_SPECCUBE_BLENDING UNITY_ENABLE_DETAIL_NORMALMAP SHADER_API_DESKTOP UNITY_COLORSPACE_GAMMA UNITY_LIGHT_PROBE_PROXY_VOLUME UNITY_LIGHTMAP_FULL_HDR ok=1
Cmd: compileSnippet
  api=4 type=0 insize=1057 outsize=722 kw= pd=UNITY_ENABLE_REFLECTION_BUFFERS UNITY_USE_DITHER_MASK_FOR_ALPHABLENDED_SHADOWS UNITY_PBS_USE_BRDF1 UNITY_SPECCUBE_BOX_PROJECTION UNITY_SPECCUBE_BLENDING UNITY_ENABLE_DETAIL_NORMALMAP SHADER_API_DESKTOP UNITY_COLORSPACE_GAMMA UNITY_LIGHT_PROBE_PROXY_VOLUME UNITY_LIGHTMAP_FULL_HDR ok=1
Cmd: disassembleShader
  api=4 insize=722 outsize=1441 ok=1
