Mono path[0] = 'E:/UnityProjects/GitHub/CarsML2021-main/trainingScene/CarsML2021-main_Data/Managed'
Mono config path = 'E:/UnityProjects/GitHub/CarsML2021-main/trainingScene/MonoBleedingEdge/etc'
Initialize engine version: 2019.4.28f1 (1381962e9d08)
[Subsystems] Discovering subsystems at path E:/UnityProjects/GitHub/CarsML2021-main/trainingScene/CarsML2021-main_Data/UnitySubsystems
GfxDevice: creating device client; threaded=1
Direct3D:
    Version:  Direct3D 11.0 [level 11.1]
    Renderer: NVIDIA GeForce RTX 2060 (ID=0x1f08)
    Vendor:   
    VRAM:     5980 MB
    Driver:   30.0.14.7212
Begin MonoManager ReloadAssembly
- Completed reload, in  0.110 seconds
D3D11 device created for Microsoft Media Foundation video decoding.
<RI> Initializing input.
<RI> Input initialized.
<RI> Initialized touch support.
The referenced script on this Behaviour (Game Object 'Monitor1') is missing! 
(Filename:  Line: 334)

UnloadTime: 0.856700 ms
Loaded Successfully 
(Filename: C:\buildslave\unity\build\Runtime/Export/Debug/Debug.bindings.h Line: 39)

Track (UnityEngine.GameObject) 
(Filename: C:\buildslave\unity\build\Runtime/Export/Debug/Debug.bindings.h Line: 39)

Training Start 
(Filename: C:\buildslave\unity\build\Runtime/Export/Debug/Debug.bindings.h Line: 39)

Spawning 2 agents at (20.9, -96.2, -1.5) and rotation (0.0, 0.0, 0.0, 1.0) 
(Filename: C:\buildslave\unity\build\Runtime/Export/Debug/Debug.bindings.h Line: 39)

Fallback handler could not load library E:/UnityProjects/GitHub/CarsML2021-main/trainingScene/CarsML2021-main_Data/Mono/libcoreclr.so
Fallback handler could not load library E:/UnityProjects/GitHub/CarsML2021-main/trainingScene/CarsML2021-main_Data/Mono/libcoreclr.so.dll
Fallback handler could not load library E:/UnityProjects/GitHub/CarsML2021-main/trainingScene/CarsML2021-main_Data/Mono/libcoreclr.so
Fallback handler could not load library E:/UnityProjects/GitHub/CarsML2021-main/trainingScene/CarsML2021-main_Data/Mono/libdl.so
Fallback handler could not load library E:/UnityProjects/GitHub/CarsML2021-main/trainingScene/CarsML2021-main_Data/Mono/libdl.so.dll
Fallback handler could not load library E:/UnityProjects/GitHub/CarsML2021-main/trainingScene/CarsML2021-main_Data/Mono/libdl.so
Fallback handler could not load library E:/UnityProjects/GitHub/CarsML2021-main/trainingScene/CarsML2021-main_Data/Mono/libSystem.dylib
Fallback handler could not load library E:/UnityProjects/GitHub/CarsML2021-main/trainingScene/CarsML2021-main_Data/Mono/libSystem.dylib.dll
Fallback handler could not load library E:/UnityProjects/GitHub/CarsML2021-main/trainingScene/CarsML2021-main_Data/Mono/libSystem.dylib
Fallback handler could not load library E:/UnityProjects/GitHub/CarsML2021-main/trainingScene/CarsML2021-main_Data/Mono/libcoreclr.so
Fallback handler could not load library E:/UnityProjects/GitHub/CarsML2021-main/trainingScene/CarsML2021-main_Data/Mono/libcoreclr.so.dll
Fallback handler could not load library E:/UnityProjects/GitHub/CarsML2021-main/trainingScene/CarsML2021-main_Data/Mono/libcoreclr.so
Fallback handler could not load library E:/UnityProjects/GitHub/CarsML2021-main/trainingScene/CarsML2021-main_Data/Mono/libdl.so
Fallback handler could not load library E:/UnityProjects/GitHub/CarsML2021-main/trainingScene/CarsML2021-main_Data/Mono/libdl.so.dll
Fallback handler could not load library E:/UnityProjects/GitHub/CarsML2021-main/trainingScene/CarsML2021-main_Data/Mono/libdl.so
Fallback handler could not load library E:/UnityProjects/GitHub/CarsML2021-main/trainingScene/CarsML2021-main_Data/Mono/libSystem.dylib
Fallback handler could not load library E:/UnityProjects/GitHub/CarsML2021-main/trainingScene/CarsML2021-main_Data/Mono/libSystem.dylib.dll
Fallback handler could not load library E:/UnityProjects/GitHub/CarsML2021-main/trainingScene/CarsML2021-main_Data/Mono/libSystem.dylib
Setting up 6 worker threads for Enlighten.
  Thread -> id: 3e00 -> priority: 1 
  Thread -> id: 3b34 -> priority: 1 
  Thread -> id: 5244 -> priority: 1 
  Thread -> id: 48e4 -> priority: 1 
  Thread -> id: 21d4 -> priority: 1 
  Thread -> id: 2a58 -> priority: 1 
